11-Dec-2019 13:37:50.483 INFO [main] org.apache.catalina.startup.VersionLoggerListener.log Server version:        Apache Tomcat/9.0.0.M9
11-Dec-2019 13:37:50.486 INFO [main] org.apache.catalina.startup.VersionLoggerListener.log Server built:          Jul 4 2016 18:22:47 UTC
11-Dec-2019 13:37:50.487 INFO [main] org.apache.catalina.startup.VersionLoggerListener.log Server number:         9.0.0.0
11-Dec-2019 13:37:50.488 INFO [main] org.apache.catalina.startup.VersionLoggerListener.log OS Name:               Windows 10
11-Dec-2019 13:37:50.488 INFO [main] org.apache.catalina.startup.VersionLoggerListener.log OS Version:            10.0
11-Dec-2019 13:37:50.488 INFO [main] org.apache.catalina.startup.VersionLoggerListener.log Architecture:          amd64
11-Dec-2019 13:37:50.489 INFO [main] org.apache.catalina.startup.VersionLoggerListener.log Java Home:             C:\Program Files\Java\jre1.8.0_212
11-Dec-2019 13:37:50.489 INFO [main] org.apache.catalina.startup.VersionLoggerListener.log JVM Version:           1.8.0_212-b10
11-Dec-2019 13:37:50.489 INFO [main] org.apache.catalina.startup.VersionLoggerListener.log JVM Vendor:            Oracle Corporation
11-Dec-2019 13:37:50.490 INFO [main] org.apache.catalina.startup.VersionLoggerListener.log CATALINA_BASE:         C:\Users\EPS\Desktop\SD\seguridad\apache-tomcat-9.0.0.M9
11-Dec-2019 13:37:50.490 INFO [main] org.apache.catalina.startup.VersionLoggerListener.log CATALINA_HOME:         C:\Users\EPS\Desktop\SD\seguridad\apache-tomcat-9.0.0.M9
11-Dec-2019 13:37:50.490 INFO [main] org.apache.catalina.startup.VersionLoggerListener.log Command line argument: -Djdk.tls.ephemeralDHKeySize=2048
11-Dec-2019 13:37:50.491 INFO [main] org.apache.catalina.startup.VersionLoggerListener.log Command line argument: -Djava.util.logging.config.file=C:\Users\EPS\Desktop\SD\seguridad\apache-tomcat-9.0.0.M9\conf\logging.properties
11-Dec-2019 13:37:50.491 INFO [main] org.apache.catalina.startup.VersionLoggerListener.log Command line argument: -Djava.util.logging.manager=org.apache.juli.ClassLoaderLogManager
11-Dec-2019 13:37:50.492 INFO [main] org.apache.catalina.startup.VersionLoggerListener.log Command line argument: -Dcatalina.base=C:\Users\EPS\Desktop\SD\seguridad\apache-tomcat-9.0.0.M9
11-Dec-2019 13:37:50.493 INFO [main] org.apache.catalina.startup.VersionLoggerListener.log Command line argument: -Dcatalina.home=C:\Users\EPS\Desktop\SD\seguridad\apache-tomcat-9.0.0.M9
11-Dec-2019 13:37:50.494 INFO [main] org.apache.catalina.startup.VersionLoggerListener.log Command line argument: -Djava.io.tmpdir=C:\Users\EPS\Desktop\SD\seguridad\apache-tomcat-9.0.0.M9\temp
11-Dec-2019 13:37:50.495 INFO [main] org.apache.catalina.core.AprLifecycleListener.lifecycleEvent The APR based Apache Tomcat Native library which allows optimal performance in production environments was not found on the java.library.path: C:\Program Files\Java\jre1.8.0_212\bin;C:\Windows\Sun\Java\bin;C:\Windows\system32;C:\Windows;C:\Windows;%INTELDEV_REDIST%redist\intel64\compiler;%INTELDEV_REDIST%redist\ia32\compiler;C:\Program Files\NVIDIA GPU Computing Toolkit\CUDA\v10.1\bin;C:\Program Files\NVIDIA GPU Computing Toolkit\CUDA\v10.1\libnvvp;;;C:\Program Files\Microsoft MPI\Bin\;C:\Windows\system32;C:\Windows;C:\Windows\System32\Wbem;C:\Windows\System32\WindowsPowerShell\v1.0\;C:\Windows\System32\OpenSSH\;C:\Program Files (x86)\AMD\ATI.ACE\Core-Static;C:\Windows\EPS\programas;C:\Program Files (x86)\NVIDIA Corporation\PhysX\Common;C:\Program Files\dotnet\;C:\Program Files\Microsoft SQL Server\130\Tools\Binn\;C:\Program Files\Microsoft SQL Server\Client SDK\ODBC\170\Tools\Binn\;C:\Program Files\Git\cmd;C:\Program Files (x86)\Microsoft SQL Server\150\Tools\Binn\;C:\Program Files\Microsoft SQL Server\150\Tools\Binn\;C:\Program Files (x86)\Microsoft SQL Server\150\DTS\Binn\;C:\Program Files\Microsoft SQL Server\150\DTS\Binn\;C:\Program Files\NVIDIA Corporation\NVIDIA NvDLISR;C:\Program Files\Microsoft SQL Server\120\Tools\Binn\;C:\Program Files\Common Files\Autodesk Shared\;C:\Program Files\Microsoft SQL Server\110\Tools\Binn\;C:\Program Files (x86)\Common Files\AspenTech Shared\;C:\Program Files\NVIDIA Corporation\Nsight Compute 2019.4.0\;C:\Users\EPS\AppData\Local\Microsoft\WindowsApps;AspenTech\Aspen Hydraulics;C:\Program Files (x86)\Brackets\command;C:\Program Files\Csound6_x64\bin;C:\oracle\instantclient;C:\Users\EPS\AppData\Roaming\npm;C:\Program Files\Java\jre1.8.0_212\bin;C:\Program Files\Java\Java3D\1.5.1\bin;C:\Program Files\MATLAB\R2019a\bin;C:\Program Files\MySQL\mysql-8.0.11\bin;C:\Program Files (x86)\nodejs;C:\Python27\;C:\Python27\Scripts;C:\Users\EPS\AppData\Local\Microsoft\WindowsApps;AspenTech\Aspen Hydraulics;.
11-Dec-2019 13:37:51.291 INFO [main] org.apache.coyote.AbstractProtocol.init Initializing ProtocolHandler ["http-nio-8080"]
11-Dec-2019 13:37:51.709 INFO [main] org.apache.tomcat.util.net.NioSelectorPool.getSharedSelector Using a shared selector for servlet write/read
11-Dec-2019 13:37:51.714 INFO [main] org.apache.coyote.AbstractProtocol.init Initializing ProtocolHandler ["ajp-nio-8009"]
11-Dec-2019 13:37:51.718 INFO [main] org.apache.tomcat.util.net.NioSelectorPool.getSharedSelector Using a shared selector for servlet write/read
11-Dec-2019 13:37:51.718 INFO [main] org.apache.catalina.startup.Catalina.load Initialization processed in 2023 ms
11-Dec-2019 13:37:51.797 INFO [main] org.apache.catalina.core.StandardService.startInternal Starting service Catalina
11-Dec-2019 13:37:51.798 INFO [main] org.apache.catalina.core.StandardEngine.startInternal Starting Servlet Engine: Apache Tomcat/9.0.0.M9
11-Dec-2019 13:37:51.876 INFO [localhost-startStop-1] org.apache.catalina.startup.HostConfig.deployWAR Deploying web application archive C:\Users\EPS\Desktop\SD\seguridad\apache-tomcat-9.0.0.M9\webapps\Sensor.war
11-Dec-2019 13:37:52.004 INFO [localhost-startStop-1] org.apache.catalina.startup.ExpandWar.expand An expanded directory [C:\Users\EPS\Desktop\SD\seguridad\apache-tomcat-9.0.0.M9\webapps\Sensor] was found with a last modified time that did not match the associated WAR. It will be deleted.
11-Dec-2019 13:38:02.992 INFO [localhost-startStop-1] org.apache.jasper.servlet.TldScanner.scanJars At least one JAR was scanned for TLDs yet contained no TLDs. Enable debug logging for this logger for a complete list of JARs that were scanned but no TLDs were found in them. Skipping unneeded JARs during scanning can improve startup time and JSP compilation time.
11-Dec-2019 13:38:08.376 INFO [localhost-startStop-1] org.apache.catalina.startup.HostConfig.deployWAR Deployment of web application archive C:\Users\EPS\Desktop\SD\seguridad\apache-tomcat-9.0.0.M9\webapps\Sensor.war has finished in 16,499 ms
11-Dec-2019 13:38:08.385 INFO [main] org.apache.coyote.AbstractProtocol.start Starting ProtocolHandler [http-nio-8080]
11-Dec-2019 13:38:08.405 INFO [main] org.apache.coyote.AbstractProtocol.start Starting ProtocolHandler [ajp-nio-8009]
11-Dec-2019 13:38:08.410 INFO [main] org.apache.catalina.startup.Catalina.start Server startup in 16691 ms
11-Dec-2019 13:55:58.800 INFO [ContainerBackgroundProcessor[StandardEngine[Catalina]]] org.apache.catalina.startup.HostConfig.undeploy Undeploying context [/Sensor]
11-Dec-2019 13:56:00.728 INFO [localhost-startStop-2] org.apache.catalina.startup.HostConfig.deployWAR Deploying web application archive C:\Users\EPS\Desktop\SD\seguridad\apache-tomcat-9.0.0.M9\webapps\Sensor.war
11-Dec-2019 13:56:15.294 INFO [localhost-startStop-2] org.apache.catalina.startup.HostConfig.deployWAR Deployment of web application archive C:\Users\EPS\Desktop\SD\seguridad\apache-tomcat-9.0.0.M9\webapps\Sensor.war has finished in 14,566 ms
11-Dec-2019 13:57:08.401 INFO [main] org.apache.catalina.core.StandardServer.await A valid shutdown command was received via the shutdown port. Stopping the Server instance.
11-Dec-2019 13:57:08.402 INFO [main] org.apache.coyote.AbstractProtocol.pause Pausing ProtocolHandler ["http-nio-8080"]
11-Dec-2019 13:57:08.460 INFO [main] org.apache.coyote.AbstractProtocol.pause Pausing ProtocolHandler ["ajp-nio-8009"]
11-Dec-2019 13:57:08.512 INFO [main] org.apache.catalina.core.StandardService.stopInternal Stopping service Catalina
11-Dec-2019 13:57:08.687 INFO [main] org.apache.coyote.AbstractProtocol.stop Stopping ProtocolHandler ["http-nio-8080"]
11-Dec-2019 13:57:08.691 INFO [main] org.apache.coyote.AbstractProtocol.stop Stopping ProtocolHandler ["ajp-nio-8009"]
11-Dec-2019 13:57:08.693 INFO [main] org.apache.coyote.AbstractProtocol.destroy Destroying ProtocolHandler ["http-nio-8080"]
11-Dec-2019 13:57:08.695 INFO [main] org.apache.coyote.AbstractProtocol.destroy Destroying ProtocolHandler ["ajp-nio-8009"]
11-Dec-2019 13:57:27.537 INFO [main] org.apache.catalina.startup.VersionLoggerListener.log Server version:        Apache Tomcat/9.0.0.M9
11-Dec-2019 13:57:27.540 INFO [main] org.apache.catalina.startup.VersionLoggerListener.log Server built:          Jul 4 2016 18:22:47 UTC
11-Dec-2019 13:57:27.541 INFO [main] org.apache.catalina.startup.VersionLoggerListener.log Server number:         9.0.0.0
11-Dec-2019 13:57:27.542 INFO [main] org.apache.catalina.startup.VersionLoggerListener.log OS Name:               Windows 10
11-Dec-2019 13:57:27.542 INFO [main] org.apache.catalina.startup.VersionLoggerListener.log OS Version:            10.0
11-Dec-2019 13:57:27.543 INFO [main] org.apache.catalina.startup.VersionLoggerListener.log Architecture:          amd64
11-Dec-2019 13:57:27.543 INFO [main] org.apache.catalina.startup.VersionLoggerListener.log Java Home:             C:\Program Files\Java\jre1.8.0_212
11-Dec-2019 13:57:27.544 INFO [main] org.apache.catalina.startup.VersionLoggerListener.log JVM Version:           1.8.0_212-b10
11-Dec-2019 13:57:27.544 INFO [main] org.apache.catalina.startup.VersionLoggerListener.log JVM Vendor:            Oracle Corporation
11-Dec-2019 13:57:27.545 INFO [main] org.apache.catalina.startup.VersionLoggerListener.log CATALINA_BASE:         C:\Users\EPS\Desktop\SD\seguridad\apache-tomcat-9.0.0.M9
11-Dec-2019 13:57:27.545 INFO [main] org.apache.catalina.startup.VersionLoggerListener.log CATALINA_HOME:         C:\Users\EPS\Desktop\SD\seguridad\apache-tomcat-9.0.0.M9
11-Dec-2019 13:57:27.545 INFO [main] org.apache.catalina.startup.VersionLoggerListener.log Command line argument: -Djdk.tls.ephemeralDHKeySize=2048
11-Dec-2019 13:57:27.546 INFO [main] org.apache.catalina.startup.VersionLoggerListener.log Command line argument: -Djava.util.logging.config.file=C:\Users\EPS\Desktop\SD\seguridad\apache-tomcat-9.0.0.M9\conf\logging.properties
11-Dec-2019 13:57:27.546 INFO [main] org.apache.catalina.startup.VersionLoggerListener.log Command line argument: -Djava.util.logging.manager=org.apache.juli.ClassLoaderLogManager
11-Dec-2019 13:57:27.547 INFO [main] org.apache.catalina.startup.VersionLoggerListener.log Command line argument: -Dcatalina.base=C:\Users\EPS\Desktop\SD\seguridad\apache-tomcat-9.0.0.M9
11-Dec-2019 13:57:27.547 INFO [main] org.apache.catalina.startup.VersionLoggerListener.log Command line argument: -Dcatalina.home=C:\Users\EPS\Desktop\SD\seguridad\apache-tomcat-9.0.0.M9
11-Dec-2019 13:57:27.548 INFO [main] org.apache.catalina.startup.VersionLoggerListener.log Command line argument: -Djava.io.tmpdir=C:\Users\EPS\Desktop\SD\seguridad\apache-tomcat-9.0.0.M9\temp
11-Dec-2019 13:57:27.557 INFO [main] org.apache.catalina.core.AprLifecycleListener.lifecycleEvent The APR based Apache Tomcat Native library which allows optimal performance in production environments was not found on the java.library.path: C:\Program Files\Java\jre1.8.0_212\bin;C:\Windows\Sun\Java\bin;C:\Windows\system32;C:\Windows;C:\Windows;%INTELDEV_REDIST%redist\intel64\compiler;%INTELDEV_REDIST%redist\ia32\compiler;C:\Program Files\NVIDIA GPU Computing Toolkit\CUDA\v10.1\bin;C:\Program Files\NVIDIA GPU Computing Toolkit\CUDA\v10.1\libnvvp;;;C:\Program Files\Microsoft MPI\Bin\;C:\Windows\system32;C:\Windows;C:\Windows\System32\Wbem;C:\Windows\System32\WindowsPowerShell\v1.0\;C:\Windows\System32\OpenSSH\;C:\Program Files (x86)\AMD\ATI.ACE\Core-Static;C:\Windows\EPS\programas;C:\Program Files (x86)\NVIDIA Corporation\PhysX\Common;C:\Program Files\dotnet\;C:\Program Files\Microsoft SQL Server\130\Tools\Binn\;C:\Program Files\Microsoft SQL Server\Client SDK\ODBC\170\Tools\Binn\;C:\Program Files\Git\cmd;C:\Program Files (x86)\Microsoft SQL Server\150\Tools\Binn\;C:\Program Files\Microsoft SQL Server\150\Tools\Binn\;C:\Program Files (x86)\Microsoft SQL Server\150\DTS\Binn\;C:\Program Files\Microsoft SQL Server\150\DTS\Binn\;C:\Program Files\NVIDIA Corporation\NVIDIA NvDLISR;C:\Program Files\Microsoft SQL Server\120\Tools\Binn\;C:\Program Files\Common Files\Autodesk Shared\;C:\Program Files\Microsoft SQL Server\110\Tools\Binn\;C:\Program Files (x86)\Common Files\AspenTech Shared\;C:\Program Files\NVIDIA Corporation\Nsight Compute 2019.4.0\;C:\Users\EPS\AppData\Local\Microsoft\WindowsApps;AspenTech\Aspen Hydraulics;C:\Program Files (x86)\Brackets\command;C:\Program Files\Csound6_x64\bin;C:\oracle\instantclient;C:\Users\EPS\AppData\Roaming\npm;C:\Program Files\Java\jre1.8.0_212\bin;C:\Program Files\Java\Java3D\1.5.1\bin;C:\Program Files\MATLAB\R2019a\bin;C:\Program Files\MySQL\mysql-8.0.11\bin;C:\Program Files (x86)\nodejs;C:\Python27\;C:\Python27\Scripts;C:\Users\EPS\AppData\Local\Microsoft\WindowsApps;AspenTech\Aspen Hydraulics;.
11-Dec-2019 13:57:28.313 INFO [main] org.apache.coyote.AbstractProtocol.init Initializing ProtocolHandler ["http-nio-8080"]
11-Dec-2019 13:57:28.683 INFO [main] org.apache.tomcat.util.net.NioSelectorPool.getSharedSelector Using a shared selector for servlet write/read
11-Dec-2019 13:57:28.690 INFO [main] org.apache.coyote.AbstractProtocol.init Initializing ProtocolHandler ["ajp-nio-8009"]
11-Dec-2019 13:57:28.696 INFO [main] org.apache.tomcat.util.net.NioSelectorPool.getSharedSelector Using a shared selector for servlet write/read
11-Dec-2019 13:57:28.697 INFO [main] org.apache.catalina.startup.Catalina.load Initialization processed in 1765 ms
11-Dec-2019 13:57:28.765 INFO [main] org.apache.catalina.core.StandardService.startInternal Starting service Catalina
11-Dec-2019 13:57:28.766 INFO [main] org.apache.catalina.core.StandardEngine.startInternal Starting Servlet Engine: Apache Tomcat/9.0.0.M9
11-Dec-2019 13:57:28.806 INFO [localhost-startStop-1] org.apache.catalina.startup.HostConfig.deployWAR Deploying web application archive C:\Users\EPS\Desktop\SD\seguridad\apache-tomcat-9.0.0.M9\webapps\Sensor.war
11-Dec-2019 13:57:31.891 INFO [localhost-startStop-1] org.apache.jasper.servlet.TldScanner.scanJars At least one JAR was scanned for TLDs yet contained no TLDs. Enable debug logging for this logger for a complete list of JARs that were scanned but no TLDs were found in them. Skipping unneeded JARs during scanning can improve startup time and JSP compilation time.
11-Dec-2019 13:57:35.365 INFO [localhost-startStop-1] org.apache.catalina.startup.HostConfig.deployWAR Deployment of web application archive C:\Users\EPS\Desktop\SD\seguridad\apache-tomcat-9.0.0.M9\webapps\Sensor.war has finished in 6,558 ms
11-Dec-2019 13:57:35.376 INFO [main] org.apache.coyote.AbstractProtocol.start Starting ProtocolHandler [http-nio-8080]
11-Dec-2019 13:57:35.398 INFO [main] org.apache.coyote.AbstractProtocol.start Starting ProtocolHandler [ajp-nio-8009]
11-Dec-2019 13:57:35.403 INFO [main] org.apache.catalina.startup.Catalina.start Server startup in 6703 ms
11-Dec-2019 17:27:58.808 INFO [main] org.apache.catalina.startup.VersionLoggerListener.log Server version:        Apache Tomcat/9.0.0.M9
11-Dec-2019 17:27:58.811 INFO [main] org.apache.catalina.startup.VersionLoggerListener.log Server built:          Jul 4 2016 18:22:47 UTC
11-Dec-2019 17:27:58.811 INFO [main] org.apache.catalina.startup.VersionLoggerListener.log Server number:         9.0.0.0
11-Dec-2019 17:27:58.811 INFO [main] org.apache.catalina.startup.VersionLoggerListener.log OS Name:               Windows 10
11-Dec-2019 17:27:58.811 INFO [main] org.apache.catalina.startup.VersionLoggerListener.log OS Version:            10.0
11-Dec-2019 17:27:58.812 INFO [main] org.apache.catalina.startup.VersionLoggerListener.log Architecture:          amd64
11-Dec-2019 17:27:58.812 INFO [main] org.apache.catalina.startup.VersionLoggerListener.log Java Home:             C:\Program Files\Java\jre1.8.0_212
11-Dec-2019 17:27:58.812 INFO [main] org.apache.catalina.startup.VersionLoggerListener.log JVM Version:           1.8.0_212-b10
11-Dec-2019 17:27:58.812 INFO [main] org.apache.catalina.startup.VersionLoggerListener.log JVM Vendor:            Oracle Corporation
11-Dec-2019 17:27:58.812 INFO [main] org.apache.catalina.startup.VersionLoggerListener.log CATALINA_BASE:         C:\Users\EPS\Desktop\SD\seguridad\apache-tomcat-9.0.0.M9
11-Dec-2019 17:27:58.812 INFO [main] org.apache.catalina.startup.VersionLoggerListener.log CATALINA_HOME:         C:\Users\EPS\Desktop\SD\seguridad\apache-tomcat-9.0.0.M9
11-Dec-2019 17:27:58.813 INFO [main] org.apache.catalina.startup.VersionLoggerListener.log Command line argument: -Djdk.tls.ephemeralDHKeySize=2048
11-Dec-2019 17:27:58.813 INFO [main] org.apache.catalina.startup.VersionLoggerListener.log Command line argument: -Djava.util.logging.config.file=C:\Users\EPS\Desktop\SD\seguridad\apache-tomcat-9.0.0.M9\conf\logging.properties
11-Dec-2019 17:27:58.813 INFO [main] org.apache.catalina.startup.VersionLoggerListener.log Command line argument: -Djava.util.logging.manager=org.apache.juli.ClassLoaderLogManager
11-Dec-2019 17:27:58.814 INFO [main] org.apache.catalina.startup.VersionLoggerListener.log Command line argument: -Dcatalina.base=C:\Users\EPS\Desktop\SD\seguridad\apache-tomcat-9.0.0.M9
11-Dec-2019 17:27:58.814 INFO [main] org.apache.catalina.startup.VersionLoggerListener.log Command line argument: -Dcatalina.home=C:\Users\EPS\Desktop\SD\seguridad\apache-tomcat-9.0.0.M9
11-Dec-2019 17:27:58.814 INFO [main] org.apache.catalina.startup.VersionLoggerListener.log Command line argument: -Djava.io.tmpdir=C:\Users\EPS\Desktop\SD\seguridad\apache-tomcat-9.0.0.M9\temp
11-Dec-2019 17:27:58.817 INFO [main] org.apache.catalina.core.AprLifecycleListener.lifecycleEvent The APR based Apache Tomcat Native library which allows optimal performance in production environments was not found on the java.library.path: C:\Program Files\Java\jre1.8.0_212\bin;C:\Windows\Sun\Java\bin;C:\Windows\system32;C:\Windows;C:\Windows;%INTELDEV_REDIST%redist\intel64\compiler;%INTELDEV_REDIST%redist\ia32\compiler;C:\Program Files\NVIDIA GPU Computing Toolkit\CUDA\v10.1\bin;C:\Program Files\NVIDIA GPU Computing Toolkit\CUDA\v10.1\libnvvp;;;C:\Program Files\Microsoft MPI\Bin\;C:\Windows\system32;C:\Windows;C:\Windows\System32\Wbem;C:\Windows\System32\WindowsPowerShell\v1.0\;C:\Windows\System32\OpenSSH\;C:\Program Files (x86)\AMD\ATI.ACE\Core-Static;C:\Windows\EPS\programas;C:\Program Files (x86)\NVIDIA Corporation\PhysX\Common;C:\Program Files\dotnet\;C:\Program Files\Microsoft SQL Server\130\Tools\Binn\;C:\Program Files\Microsoft SQL Server\Client SDK\ODBC\170\Tools\Binn\;C:\Program Files\Git\cmd;C:\Program Files (x86)\Microsoft SQL Server\150\Tools\Binn\;C:\Program Files\Microsoft SQL Server\150\Tools\Binn\;C:\Program Files (x86)\Microsoft SQL Server\150\DTS\Binn\;C:\Program Files\Microsoft SQL Server\150\DTS\Binn\;C:\Program Files\NVIDIA Corporation\NVIDIA NvDLISR;C:\Program Files\Microsoft SQL Server\120\Tools\Binn\;C:\Program Files\Common Files\Autodesk Shared\;C:\Program Files\Microsoft SQL Server\110\Tools\Binn\;C:\Program Files (x86)\Common Files\AspenTech Shared\;C:\Program Files\NVIDIA Corporation\Nsight Compute 2019.4.0\;C:\Users\EPS\AppData\Local\Microsoft\WindowsApps;AspenTech\Aspen Hydraulics;C:\Program Files (x86)\Brackets\command;C:\Program Files\Csound6_x64\bin;C:\oracle\instantclient;C:\Users\EPS\AppData\Roaming\npm;C:\Program Files\Java\jre1.8.0_212\bin;C:\Program Files\Java\Java3D\1.5.1\bin;C:\Program Files\MATLAB\R2019a\bin;C:\Program Files\MySQL\mysql-8.0.11\bin;C:\Program Files (x86)\nodejs;C:\Python27\;C:\Python27\Scripts;C:\Users\EPS\AppData\Local\Microsoft\WindowsApps;AspenTech\Aspen Hydraulics;.
11-Dec-2019 17:27:59.097 INFO [main] org.apache.coyote.AbstractProtocol.init Initializing ProtocolHandler ["http-nio-8080"]
11-Dec-2019 17:27:59.118 SEVERE [main] org.apache.coyote.AbstractProtocol.init Failed to initialize end point associated with ProtocolHandler ["http-nio-8080"]
 java.net.BindException: Address already in use: bind
	at sun.nio.ch.Net.bind0(Native Method)
	at sun.nio.ch.Net.bind(Unknown Source)
	at sun.nio.ch.Net.bind(Unknown Source)
	at sun.nio.ch.ServerSocketChannelImpl.bind(Unknown Source)
	at sun.nio.ch.ServerSocketAdaptor.bind(Unknown Source)
	at org.apache.tomcat.util.net.NioEndpoint.bind(NioEndpoint.java:229)
	at org.apache.tomcat.util.net.AbstractEndpoint.init(AbstractEndpoint.java:866)
	at org.apache.coyote.AbstractProtocol.init(AbstractProtocol.java:558)
	at org.apache.coyote.http11.AbstractHttp11Protocol.init(AbstractHttp11Protocol.java:65)
	at org.apache.catalina.connector.Connector.initInternal(Connector.java:1010)
	at org.apache.catalina.util.LifecycleBase.init(LifecycleBase.java:107)
	at org.apache.catalina.core.StandardService.initInternal(StandardService.java:549)
	at org.apache.catalina.util.LifecycleBase.init(LifecycleBase.java:107)
	at org.apache.catalina.core.StandardServer.initInternal(StandardServer.java:873)
	at org.apache.catalina.util.LifecycleBase.init(LifecycleBase.java:107)
	at org.apache.catalina.startup.Catalina.load(Catalina.java:606)
	at org.apache.catalina.startup.Catalina.load(Catalina.java:629)
	at sun.reflect.NativeMethodAccessorImpl.invoke0(Native Method)
	at sun.reflect.NativeMethodAccessorImpl.invoke(Unknown Source)
	at sun.reflect.DelegatingMethodAccessorImpl.invoke(Unknown Source)
	at java.lang.reflect.Method.invoke(Unknown Source)
	at org.apache.catalina.startup.Bootstrap.load(Bootstrap.java:311)
	at org.apache.catalina.startup.Bootstrap.main(Bootstrap.java:494)

11-Dec-2019 17:27:59.122 SEVERE [main] org.apache.catalina.core.StandardService.initInternal Failed to initialize connector [Connector[HTTP/1.1-8080]]
 org.apache.catalina.LifecycleException: Failed to initialize component [Connector[HTTP/1.1-8080]]
	at org.apache.catalina.util.LifecycleBase.init(LifecycleBase.java:112)
	at org.apache.catalina.core.StandardService.initInternal(StandardService.java:549)
	at org.apache.catalina.util.LifecycleBase.init(LifecycleBase.java:107)
	at org.apache.catalina.core.StandardServer.initInternal(StandardServer.java:873)
	at org.apache.catalina.util.LifecycleBase.init(LifecycleBase.java:107)
	at org.apache.catalina.startup.Catalina.load(Catalina.java:606)
	at org.apache.catalina.startup.Catalina.load(Catalina.java:629)
	at sun.reflect.NativeMethodAccessorImpl.invoke0(Native Method)
	at sun.reflect.NativeMethodAccessorImpl.invoke(Unknown Source)
	at sun.reflect.DelegatingMethodAccessorImpl.invoke(Unknown Source)
	at java.lang.reflect.Method.invoke(Unknown Source)
	at org.apache.catalina.startup.Bootstrap.load(Bootstrap.java:311)
	at org.apache.catalina.startup.Bootstrap.main(Bootstrap.java:494)
Caused by: org.apache.catalina.LifecycleException: Protocol handler initialization failed
	at org.apache.catalina.connector.Connector.initInternal(Connector.java:1013)
	at org.apache.catalina.util.LifecycleBase.init(LifecycleBase.java:107)
	... 12 more
Caused by: java.net.BindException: Address already in use: bind
	at sun.nio.ch.Net.bind0(Native Method)
	at sun.nio.ch.Net.bind(Unknown Source)
	at sun.nio.ch.Net.bind(Unknown Source)
	at sun.nio.ch.ServerSocketChannelImpl.bind(Unknown Source)
	at sun.nio.ch.ServerSocketAdaptor.bind(Unknown Source)
	at org.apache.tomcat.util.net.NioEndpoint.bind(NioEndpoint.java:229)
	at org.apache.tomcat.util.net.AbstractEndpoint.init(AbstractEndpoint.java:866)
	at org.apache.coyote.AbstractProtocol.init(AbstractProtocol.java:558)
	at org.apache.coyote.http11.AbstractHttp11Protocol.init(AbstractHttp11Protocol.java:65)
	at org.apache.catalina.connector.Connector.initInternal(Connector.java:1010)
	... 13 more

11-Dec-2019 17:27:59.126 INFO [main] org.apache.coyote.AbstractProtocol.init Initializing ProtocolHandler ["ajp-nio-8009"]
11-Dec-2019 17:27:59.129 SEVERE [main] org.apache.coyote.AbstractProtocol.init Failed to initialize end point associated with ProtocolHandler ["ajp-nio-8009"]
 java.net.BindException: Address already in use: bind
	at sun.nio.ch.Net.bind0(Native Method)
	at sun.nio.ch.Net.bind(Unknown Source)
	at sun.nio.ch.Net.bind(Unknown Source)
	at sun.nio.ch.ServerSocketChannelImpl.bind(Unknown Source)
	at sun.nio.ch.ServerSocketAdaptor.bind(Unknown Source)
	at org.apache.tomcat.util.net.NioEndpoint.bind(NioEndpoint.java:229)
	at org.apache.tomcat.util.net.AbstractEndpoint.init(AbstractEndpoint.java:866)
	at org.apache.coyote.AbstractProtocol.init(AbstractProtocol.java:558)
	at org.apache.catalina.connector.Connector.initInternal(Connector.java:1010)
	at org.apache.catalina.util.LifecycleBase.init(LifecycleBase.java:107)
	at org.apache.catalina.core.StandardService.initInternal(StandardService.java:549)
	at org.apache.catalina.util.LifecycleBase.init(LifecycleBase.java:107)
	at org.apache.catalina.core.StandardServer.initInternal(StandardServer.java:873)
	at org.apache.catalina.util.LifecycleBase.init(LifecycleBase.java:107)
	at org.apache.catalina.startup.Catalina.load(Catalina.java:606)
	at org.apache.catalina.startup.Catalina.load(Catalina.java:629)
	at sun.reflect.NativeMethodAccessorImpl.invoke0(Native Method)
	at sun.reflect.NativeMethodAccessorImpl.invoke(Unknown Source)
	at sun.reflect.DelegatingMethodAccessorImpl.invoke(Unknown Source)
	at java.lang.reflect.Method.invoke(Unknown Source)
	at org.apache.catalina.startup.Bootstrap.load(Bootstrap.java:311)
	at org.apache.catalina.startup.Bootstrap.main(Bootstrap.java:494)

11-Dec-2019 17:27:59.132 SEVERE [main] org.apache.catalina.core.StandardService.initInternal Failed to initialize connector [Connector[AJP/1.3-8009]]
 org.apache.catalina.LifecycleException: Failed to initialize component [Connector[AJP/1.3-8009]]
	at org.apache.catalina.util.LifecycleBase.init(LifecycleBase.java:112)
	at org.apache.catalina.core.StandardService.initInternal(StandardService.java:549)
	at org.apache.catalina.util.LifecycleBase.init(LifecycleBase.java:107)
	at org.apache.catalina.core.StandardServer.initInternal(StandardServer.java:873)
	at org.apache.catalina.util.LifecycleBase.init(LifecycleBase.java:107)
	at org.apache.catalina.startup.Catalina.load(Catalina.java:606)
	at org.apache.catalina.startup.Catalina.load(Catalina.java:629)
	at sun.reflect.NativeMethodAccessorImpl.invoke0(Native Method)
	at sun.reflect.NativeMethodAccessorImpl.invoke(Unknown Source)
	at sun.reflect.DelegatingMethodAccessorImpl.invoke(Unknown Source)
	at java.lang.reflect.Method.invoke(Unknown Source)
	at org.apache.catalina.startup.Bootstrap.load(Bootstrap.java:311)
	at org.apache.catalina.startup.Bootstrap.main(Bootstrap.java:494)
Caused by: org.apache.catalina.LifecycleException: Protocol handler initialization failed
	at org.apache.catalina.connector.Connector.initInternal(Connector.java:1013)
	at org.apache.catalina.util.LifecycleBase.init(LifecycleBase.java:107)
	... 12 more
Caused by: java.net.BindException: Address already in use: bind
	at sun.nio.ch.Net.bind0(Native Method)
	at sun.nio.ch.Net.bind(Unknown Source)
	at sun.nio.ch.Net.bind(Unknown Source)
	at sun.nio.ch.ServerSocketChannelImpl.bind(Unknown Source)
	at sun.nio.ch.ServerSocketAdaptor.bind(Unknown Source)
	at org.apache.tomcat.util.net.NioEndpoint.bind(NioEndpoint.java:229)
	at org.apache.tomcat.util.net.AbstractEndpoint.init(AbstractEndpoint.java:866)
	at org.apache.coyote.AbstractProtocol.init(AbstractProtocol.java:558)
	at org.apache.catalina.connector.Connector.initInternal(Connector.java:1010)
	... 13 more

11-Dec-2019 17:27:59.137 INFO [main] org.apache.catalina.startup.Catalina.load Initialization processed in 969 ms
11-Dec-2019 17:27:59.210 INFO [main] org.apache.catalina.core.StandardService.startInternal Starting service Catalina
11-Dec-2019 17:27:59.210 INFO [main] org.apache.catalina.core.StandardEngine.startInternal Starting Servlet Engine: Apache Tomcat/9.0.0.M9
11-Dec-2019 17:27:59.281 INFO [localhost-startStop-1] org.apache.catalina.startup.HostConfig.deployWAR Deploying web application archive C:\Users\EPS\Desktop\SD\seguridad\apache-tomcat-9.0.0.M9\webapps\Sensor.war
11-Dec-2019 17:27:59.359 INFO [localhost-startStop-1] org.apache.catalina.startup.ExpandWar.expand An expanded directory [C:\Users\EPS\Desktop\SD\seguridad\apache-tomcat-9.0.0.M9\webapps\Sensor] was found with a last modified time that did not match the associated WAR. It will be deleted.
11-Dec-2019 17:28:10.224 INFO [localhost-startStop-1] org.apache.jasper.servlet.TldScanner.scanJars At least one JAR was scanned for TLDs yet contained no TLDs. Enable debug logging for this logger for a complete list of JARs that were scanned but no TLDs were found in them. Skipping unneeded JARs during scanning can improve startup time and JSP compilation time.
11-Dec-2019 17:28:10.779 INFO [localhost-startStop-1] org.apache.catalina.util.SessionIdGeneratorBase.createSecureRandom Creation of SecureRandom instance for session ID generation using [SHA1PRNG] took [484] milliseconds.
11-Dec-2019 17:28:16.922 INFO [localhost-startStop-1] org.apache.catalina.startup.HostConfig.deployWAR Deployment of web application archive C:\Users\EPS\Desktop\SD\seguridad\apache-tomcat-9.0.0.M9\webapps\Sensor.war has finished in 17,641 ms
11-Dec-2019 17:28:16.929 INFO [main] org.apache.catalina.startup.Catalina.start Server startup in 17786 ms
11-Dec-2019 17:28:16.936 SEVERE [main] org.apache.catalina.core.StandardServer.await StandardServer.await: create[localhost:8005]: 
 java.net.BindException: Address already in use: JVM_Bind
	at java.net.DualStackPlainSocketImpl.bind0(Native Method)
	at java.net.DualStackPlainSocketImpl.socketBind(Unknown Source)
	at java.net.AbstractPlainSocketImpl.bind(Unknown Source)
	at java.net.PlainSocketImpl.bind(Unknown Source)
	at java.net.ServerSocket.bind(Unknown Source)
	at java.net.ServerSocket.<init>(Unknown Source)
	at org.apache.catalina.core.StandardServer.await(StandardServer.java:441)
	at org.apache.catalina.startup.Catalina.await(Catalina.java:743)
	at org.apache.catalina.startup.Catalina.start(Catalina.java:689)
	at sun.reflect.NativeMethodAccessorImpl.invoke0(Native Method)
	at sun.reflect.NativeMethodAccessorImpl.invoke(Unknown Source)
	at sun.reflect.DelegatingMethodAccessorImpl.invoke(Unknown Source)
	at java.lang.reflect.Method.invoke(Unknown Source)
	at org.apache.catalina.startup.Bootstrap.start(Bootstrap.java:355)
	at org.apache.catalina.startup.Bootstrap.main(Bootstrap.java:495)

11-Dec-2019 17:28:16.937 INFO [main] org.apache.coyote.AbstractProtocol.pause Pausing ProtocolHandler ["http-nio-8080"]
11-Dec-2019 17:28:16.938 INFO [main] org.apache.coyote.AbstractProtocol.pause Pausing ProtocolHandler ["ajp-nio-8009"]
11-Dec-2019 17:28:16.939 INFO [main] org.apache.catalina.core.StandardService.stopInternal Stopping service Catalina
11-Dec-2019 17:28:17.000 INFO [main] org.apache.coyote.AbstractProtocol.stop Stopping ProtocolHandler ["http-nio-8080"]
11-Dec-2019 17:28:17.000 INFO [main] org.apache.coyote.AbstractProtocol.destroy Destroying ProtocolHandler ["http-nio-8080"]
11-Dec-2019 17:28:17.003 INFO [main] org.apache.coyote.AbstractProtocol.stop Stopping ProtocolHandler ["ajp-nio-8009"]
11-Dec-2019 17:28:17.004 INFO [main] org.apache.coyote.AbstractProtocol.destroy Destroying ProtocolHandler ["ajp-nio-8009"]
11-Dec-2019 17:28:30.040 INFO [main] org.apache.catalina.startup.VersionLoggerListener.log Server version:        Apache Tomcat/9.0.0.M9
11-Dec-2019 17:28:30.043 INFO [main] org.apache.catalina.startup.VersionLoggerListener.log Server built:          Jul 4 2016 18:22:47 UTC
11-Dec-2019 17:28:30.044 INFO [main] org.apache.catalina.startup.VersionLoggerListener.log Server number:         9.0.0.0
11-Dec-2019 17:28:30.044 INFO [main] org.apache.catalina.startup.VersionLoggerListener.log OS Name:               Windows 10
11-Dec-2019 17:28:30.044 INFO [main] org.apache.catalina.startup.VersionLoggerListener.log OS Version:            10.0
11-Dec-2019 17:28:30.045 INFO [main] org.apache.catalina.startup.VersionLoggerListener.log Architecture:          amd64
11-Dec-2019 17:28:30.045 INFO [main] org.apache.catalina.startup.VersionLoggerListener.log Java Home:             C:\Program Files\Java\jre1.8.0_212
11-Dec-2019 17:28:30.046 INFO [main] org.apache.catalina.startup.VersionLoggerListener.log JVM Version:           1.8.0_212-b10
11-Dec-2019 17:28:30.047 INFO [main] org.apache.catalina.startup.VersionLoggerListener.log JVM Vendor:            Oracle Corporation
11-Dec-2019 17:28:30.047 INFO [main] org.apache.catalina.startup.VersionLoggerListener.log CATALINA_BASE:         C:\Users\EPS\Desktop\SD\seguridad\apache-tomcat-9.0.0.M9
11-Dec-2019 17:28:30.047 INFO [main] org.apache.catalina.startup.VersionLoggerListener.log CATALINA_HOME:         C:\Users\EPS\Desktop\SD\seguridad\apache-tomcat-9.0.0.M9
11-Dec-2019 17:28:30.048 INFO [main] org.apache.catalina.startup.VersionLoggerListener.log Command line argument: -Djdk.tls.ephemeralDHKeySize=2048
11-Dec-2019 17:28:30.048 INFO [main] org.apache.catalina.startup.VersionLoggerListener.log Command line argument: -Djava.util.logging.config.file=C:\Users\EPS\Desktop\SD\seguridad\apache-tomcat-9.0.0.M9\conf\logging.properties
11-Dec-2019 17:28:30.048 INFO [main] org.apache.catalina.startup.VersionLoggerListener.log Command line argument: -Djava.util.logging.manager=org.apache.juli.ClassLoaderLogManager
11-Dec-2019 17:28:30.049 INFO [main] org.apache.catalina.startup.VersionLoggerListener.log Command line argument: -Dcatalina.base=C:\Users\EPS\Desktop\SD\seguridad\apache-tomcat-9.0.0.M9
11-Dec-2019 17:28:30.049 INFO [main] org.apache.catalina.startup.VersionLoggerListener.log Command line argument: -Dcatalina.home=C:\Users\EPS\Desktop\SD\seguridad\apache-tomcat-9.0.0.M9
11-Dec-2019 17:28:30.050 INFO [main] org.apache.catalina.startup.VersionLoggerListener.log Command line argument: -Djava.io.tmpdir=C:\Users\EPS\Desktop\SD\seguridad\apache-tomcat-9.0.0.M9\temp
11-Dec-2019 17:28:30.052 INFO [main] org.apache.catalina.core.AprLifecycleListener.lifecycleEvent The APR based Apache Tomcat Native library which allows optimal performance in production environments was not found on the java.library.path: C:\Program Files\Java\jre1.8.0_212\bin;C:\Windows\Sun\Java\bin;C:\Windows\system32;C:\Windows;C:\Windows;%INTELDEV_REDIST%redist\intel64\compiler;%INTELDEV_REDIST%redist\ia32\compiler;C:\Program Files\NVIDIA GPU Computing Toolkit\CUDA\v10.1\bin;C:\Program Files\NVIDIA GPU Computing Toolkit\CUDA\v10.1\libnvvp;;;C:\Program Files\Microsoft MPI\Bin\;C:\Windows\system32;C:\Windows;C:\Windows\System32\Wbem;C:\Windows\System32\WindowsPowerShell\v1.0\;C:\Windows\System32\OpenSSH\;C:\Program Files (x86)\AMD\ATI.ACE\Core-Static;C:\Windows\EPS\programas;C:\Program Files (x86)\NVIDIA Corporation\PhysX\Common;C:\Program Files\dotnet\;C:\Program Files\Microsoft SQL Server\130\Tools\Binn\;C:\Program Files\Microsoft SQL Server\Client SDK\ODBC\170\Tools\Binn\;C:\Program Files\Git\cmd;C:\Program Files (x86)\Microsoft SQL Server\150\Tools\Binn\;C:\Program Files\Microsoft SQL Server\150\Tools\Binn\;C:\Program Files (x86)\Microsoft SQL Server\150\DTS\Binn\;C:\Program Files\Microsoft SQL Server\150\DTS\Binn\;C:\Program Files\NVIDIA Corporation\NVIDIA NvDLISR;C:\Program Files\Microsoft SQL Server\120\Tools\Binn\;C:\Program Files\Common Files\Autodesk Shared\;C:\Program Files\Microsoft SQL Server\110\Tools\Binn\;C:\Program Files (x86)\Common Files\AspenTech Shared\;C:\Program Files\NVIDIA Corporation\Nsight Compute 2019.4.0\;C:\Users\EPS\AppData\Local\Microsoft\WindowsApps;AspenTech\Aspen Hydraulics;C:\Program Files (x86)\Brackets\command;C:\Program Files\Csound6_x64\bin;C:\oracle\instantclient;C:\Users\EPS\AppData\Roaming\npm;C:\Program Files\Java\jre1.8.0_212\bin;C:\Program Files\Java\Java3D\1.5.1\bin;C:\Program Files\MATLAB\R2019a\bin;C:\Program Files\MySQL\mysql-8.0.11\bin;C:\Program Files (x86)\nodejs;C:\Python27\;C:\Python27\Scripts;C:\Users\EPS\AppData\Local\Microsoft\WindowsApps;AspenTech\Aspen Hydraulics;.
11-Dec-2019 17:28:30.392 INFO [main] org.apache.coyote.AbstractProtocol.init Initializing ProtocolHandler ["http-nio-8080"]
11-Dec-2019 17:28:30.831 INFO [main] org.apache.tomcat.util.net.NioSelectorPool.getSharedSelector Using a shared selector for servlet write/read
11-Dec-2019 17:28:30.837 INFO [main] org.apache.coyote.AbstractProtocol.init Initializing ProtocolHandler ["ajp-nio-8009"]
11-Dec-2019 17:28:30.842 INFO [main] org.apache.tomcat.util.net.NioSelectorPool.getSharedSelector Using a shared selector for servlet write/read
11-Dec-2019 17:28:30.843 INFO [main] org.apache.catalina.startup.Catalina.load Initialization processed in 1490 ms
11-Dec-2019 17:28:30.906 INFO [main] org.apache.catalina.core.StandardService.startInternal Starting service Catalina
11-Dec-2019 17:28:30.906 INFO [main] org.apache.catalina.core.StandardEngine.startInternal Starting Servlet Engine: Apache Tomcat/9.0.0.M9
11-Dec-2019 17:28:30.950 INFO [localhost-startStop-1] org.apache.catalina.startup.HostConfig.deployWAR Deploying web application archive C:\Users\EPS\Desktop\SD\seguridad\apache-tomcat-9.0.0.M9\webapps\Sensor.war
11-Dec-2019 17:28:34.101 INFO [localhost-startStop-1] org.apache.jasper.servlet.TldScanner.scanJars At least one JAR was scanned for TLDs yet contained no TLDs. Enable debug logging for this logger for a complete list of JARs that were scanned but no TLDs were found in them. Skipping unneeded JARs during scanning can improve startup time and JSP compilation time.
11-Dec-2019 17:28:37.346 INFO [localhost-startStop-1] org.apache.catalina.startup.HostConfig.deployWAR Deployment of web application archive C:\Users\EPS\Desktop\SD\seguridad\apache-tomcat-9.0.0.M9\webapps\Sensor.war has finished in 6,395 ms
11-Dec-2019 17:28:37.461 INFO [main] org.apache.coyote.AbstractProtocol.start Starting ProtocolHandler [http-nio-8080]
11-Dec-2019 17:28:37.487 INFO [main] org.apache.coyote.AbstractProtocol.start Starting ProtocolHandler [ajp-nio-8009]
11-Dec-2019 17:28:37.507 INFO [main] org.apache.catalina.startup.Catalina.start Server startup in 6661 ms
11-Dec-2019 17:50:37.992 INFO [ContainerBackgroundProcessor[StandardEngine[Catalina]]] org.apache.catalina.startup.HostConfig.undeploy Undeploying context [/Sensor]
11-Dec-2019 17:50:38.295 INFO [localhost-startStop-2] org.apache.catalina.startup.HostConfig.deployWAR Deploying web application archive C:\Users\EPS\Desktop\SD\seguridad\apache-tomcat-9.0.0.M9\webapps\Sensor.war
11-Dec-2019 17:50:50.487 INFO [localhost-startStop-2] org.apache.catalina.startup.HostConfig.deployWAR Deployment of web application archive C:\Users\EPS\Desktop\SD\seguridad\apache-tomcat-9.0.0.M9\webapps\Sensor.war has finished in 12,192 ms
11-Dec-2019 17:53:12.783 INFO [main] org.apache.catalina.core.StandardServer.await A valid shutdown command was received via the shutdown port. Stopping the Server instance.
11-Dec-2019 17:53:12.784 INFO [main] org.apache.coyote.AbstractProtocol.pause Pausing ProtocolHandler ["http-nio-8080"]
11-Dec-2019 17:53:12.843 INFO [main] org.apache.coyote.AbstractProtocol.pause Pausing ProtocolHandler ["ajp-nio-8009"]
11-Dec-2019 17:53:12.896 INFO [main] org.apache.catalina.core.StandardService.stopInternal Stopping service Catalina
11-Dec-2019 17:53:12.986 INFO [main] org.apache.coyote.AbstractProtocol.stop Stopping ProtocolHandler ["http-nio-8080"]
11-Dec-2019 17:53:12.990 INFO [main] org.apache.coyote.AbstractProtocol.stop Stopping ProtocolHandler ["ajp-nio-8009"]
11-Dec-2019 17:53:12.992 INFO [main] org.apache.coyote.AbstractProtocol.destroy Destroying ProtocolHandler ["http-nio-8080"]
11-Dec-2019 17:53:12.995 INFO [main] org.apache.coyote.AbstractProtocol.destroy Destroying ProtocolHandler ["ajp-nio-8009"]
11-Dec-2019 17:53:16.743 SEVERE [main] org.apache.catalina.startup.Catalina.stopServer Could not contact localhost:8005. Tomcat may not be running.
11-Dec-2019 17:53:20.345 INFO [main] org.apache.catalina.startup.VersionLoggerListener.log Server version:        Apache Tomcat/9.0.0.M9
11-Dec-2019 17:53:20.347 INFO [main] org.apache.catalina.startup.VersionLoggerListener.log Server built:          Jul 4 2016 18:22:47 UTC
11-Dec-2019 17:53:20.348 INFO [main] org.apache.catalina.startup.VersionLoggerListener.log Server number:         9.0.0.0
11-Dec-2019 17:53:20.348 INFO [main] org.apache.catalina.startup.VersionLoggerListener.log OS Name:               Windows 10
11-Dec-2019 17:53:20.348 INFO [main] org.apache.catalina.startup.VersionLoggerListener.log OS Version:            10.0
11-Dec-2019 17:53:20.349 INFO [main] org.apache.catalina.startup.VersionLoggerListener.log Architecture:          amd64
11-Dec-2019 17:53:20.349 INFO [main] org.apache.catalina.startup.VersionLoggerListener.log Java Home:             C:\Program Files\Java\jre1.8.0_212
11-Dec-2019 17:53:20.349 INFO [main] org.apache.catalina.startup.VersionLoggerListener.log JVM Version:           1.8.0_212-b10
11-Dec-2019 17:53:20.349 INFO [main] org.apache.catalina.startup.VersionLoggerListener.log JVM Vendor:            Oracle Corporation
11-Dec-2019 17:53:20.349 INFO [main] org.apache.catalina.startup.VersionLoggerListener.log CATALINA_BASE:         C:\Users\EPS\Desktop\SD\seguridad\apache-tomcat-9.0.0.M9
11-Dec-2019 17:53:20.350 INFO [main] org.apache.catalina.startup.VersionLoggerListener.log CATALINA_HOME:         C:\Users\EPS\Desktop\SD\seguridad\apache-tomcat-9.0.0.M9
11-Dec-2019 17:53:20.350 INFO [main] org.apache.catalina.startup.VersionLoggerListener.log Command line argument: -Djdk.tls.ephemeralDHKeySize=2048
11-Dec-2019 17:53:20.350 INFO [main] org.apache.catalina.startup.VersionLoggerListener.log Command line argument: -Djava.util.logging.config.file=C:\Users\EPS\Desktop\SD\seguridad\apache-tomcat-9.0.0.M9\conf\logging.properties
11-Dec-2019 17:53:20.351 INFO [main] org.apache.catalina.startup.VersionLoggerListener.log Command line argument: -Djava.util.logging.manager=org.apache.juli.ClassLoaderLogManager
11-Dec-2019 17:53:20.351 INFO [main] org.apache.catalina.startup.VersionLoggerListener.log Command line argument: -Dcatalina.base=C:\Users\EPS\Desktop\SD\seguridad\apache-tomcat-9.0.0.M9
11-Dec-2019 17:53:20.351 INFO [main] org.apache.catalina.startup.VersionLoggerListener.log Command line argument: -Dcatalina.home=C:\Users\EPS\Desktop\SD\seguridad\apache-tomcat-9.0.0.M9
11-Dec-2019 17:53:20.352 INFO [main] org.apache.catalina.startup.VersionLoggerListener.log Command line argument: -Djava.io.tmpdir=C:\Users\EPS\Desktop\SD\seguridad\apache-tomcat-9.0.0.M9\temp
11-Dec-2019 17:53:20.354 INFO [main] org.apache.catalina.core.AprLifecycleListener.lifecycleEvent The APR based Apache Tomcat Native library which allows optimal performance in production environments was not found on the java.library.path: C:\Program Files\Java\jre1.8.0_212\bin;C:\Windows\Sun\Java\bin;C:\Windows\system32;C:\Windows;C:\Windows;%INTELDEV_REDIST%redist\intel64\compiler;%INTELDEV_REDIST%redist\ia32\compiler;C:\Program Files\NVIDIA GPU Computing Toolkit\CUDA\v10.1\bin;C:\Program Files\NVIDIA GPU Computing Toolkit\CUDA\v10.1\libnvvp;;;C:\Program Files\Microsoft MPI\Bin\;C:\Windows\system32;C:\Windows;C:\Windows\System32\Wbem;C:\Windows\System32\WindowsPowerShell\v1.0\;C:\Windows\System32\OpenSSH\;C:\Program Files (x86)\AMD\ATI.ACE\Core-Static;C:\Windows\EPS\programas;C:\Program Files (x86)\NVIDIA Corporation\PhysX\Common;C:\Program Files\dotnet\;C:\Program Files\Microsoft SQL Server\130\Tools\Binn\;C:\Program Files\Microsoft SQL Server\Client SDK\ODBC\170\Tools\Binn\;C:\Program Files\Git\cmd;C:\Program Files (x86)\Microsoft SQL Server\150\Tools\Binn\;C:\Program Files\Microsoft SQL Server\150\Tools\Binn\;C:\Program Files (x86)\Microsoft SQL Server\150\DTS\Binn\;C:\Program Files\Microsoft SQL Server\150\DTS\Binn\;C:\Program Files\NVIDIA Corporation\NVIDIA NvDLISR;C:\Program Files\Microsoft SQL Server\120\Tools\Binn\;C:\Program Files\Common Files\Autodesk Shared\;C:\Program Files\Microsoft SQL Server\110\Tools\Binn\;C:\Program Files (x86)\Common Files\AspenTech Shared\;C:\Program Files\NVIDIA Corporation\Nsight Compute 2019.4.0\;C:\Users\EPS\AppData\Local\Microsoft\WindowsApps;AspenTech\Aspen Hydraulics;C:\Program Files (x86)\Brackets\command;C:\Program Files\Csound6_x64\bin;C:\oracle\instantclient;C:\Users\EPS\AppData\Roaming\npm;C:\Program Files\Java\jre1.8.0_212\bin;C:\Program Files\Java\Java3D\1.5.1\bin;C:\Program Files\MATLAB\R2019a\bin;C:\Program Files\MySQL\mysql-8.0.11\bin;C:\Program Files (x86)\nodejs;C:\Python27\;C:\Python27\Scripts;C:\Users\EPS\AppData\Local\Microsoft\WindowsApps;AspenTech\Aspen Hydraulics;.
11-Dec-2019 17:53:20.643 INFO [main] org.apache.coyote.AbstractProtocol.init Initializing ProtocolHandler ["http-nio-8080"]
11-Dec-2019 17:53:21.035 INFO [main] org.apache.tomcat.util.net.NioSelectorPool.getSharedSelector Using a shared selector for servlet write/read
11-Dec-2019 17:53:21.041 INFO [main] org.apache.coyote.AbstractProtocol.init Initializing ProtocolHandler ["ajp-nio-8009"]
11-Dec-2019 17:53:21.045 INFO [main] org.apache.tomcat.util.net.NioSelectorPool.getSharedSelector Using a shared selector for servlet write/read
11-Dec-2019 17:53:21.046 INFO [main] org.apache.catalina.startup.Catalina.load Initialization processed in 1439 ms
11-Dec-2019 17:53:21.099 INFO [main] org.apache.catalina.core.StandardService.startInternal Starting service Catalina
11-Dec-2019 17:53:21.100 INFO [main] org.apache.catalina.core.StandardEngine.startInternal Starting Servlet Engine: Apache Tomcat/9.0.0.M9
11-Dec-2019 17:53:21.142 INFO [localhost-startStop-1] org.apache.catalina.startup.HostConfig.deployWAR Deploying web application archive C:\Users\EPS\Desktop\SD\seguridad\apache-tomcat-9.0.0.M9\webapps\Sensor.war
11-Dec-2019 17:53:24.079 INFO [localhost-startStop-1] org.apache.jasper.servlet.TldScanner.scanJars At least one JAR was scanned for TLDs yet contained no TLDs. Enable debug logging for this logger for a complete list of JARs that were scanned but no TLDs were found in them. Skipping unneeded JARs during scanning can improve startup time and JSP compilation time.
11-Dec-2019 17:53:26.881 INFO [localhost-startStop-1] org.apache.catalina.startup.HostConfig.deployWAR Deployment of web application archive C:\Users\EPS\Desktop\SD\seguridad\apache-tomcat-9.0.0.M9\webapps\Sensor.war has finished in 5,738 ms
11-Dec-2019 17:53:26.889 INFO [main] org.apache.coyote.AbstractProtocol.start Starting ProtocolHandler [http-nio-8080]
11-Dec-2019 17:53:26.908 INFO [main] org.apache.coyote.AbstractProtocol.start Starting ProtocolHandler [ajp-nio-8009]
11-Dec-2019 17:53:26.915 INFO [main] org.apache.catalina.startup.Catalina.start Server startup in 5866 ms
11-Dec-2019 17:56:16.939 INFO [main] org.apache.catalina.core.StandardServer.await A valid shutdown command was received via the shutdown port. Stopping the Server instance.
11-Dec-2019 17:56:16.940 INFO [main] org.apache.coyote.AbstractProtocol.pause Pausing ProtocolHandler ["http-nio-8080"]
11-Dec-2019 17:56:16.998 INFO [main] org.apache.coyote.AbstractProtocol.pause Pausing ProtocolHandler ["ajp-nio-8009"]
11-Dec-2019 17:56:17.003 INFO [main] org.apache.catalina.core.StandardService.stopInternal Stopping service Catalina
11-Dec-2019 17:56:17.113 INFO [main] org.apache.coyote.AbstractProtocol.stop Stopping ProtocolHandler ["http-nio-8080"]
11-Dec-2019 17:56:17.119 INFO [main] org.apache.coyote.AbstractProtocol.stop Stopping ProtocolHandler ["ajp-nio-8009"]
11-Dec-2019 17:56:17.122 INFO [main] org.apache.coyote.AbstractProtocol.destroy Destroying ProtocolHandler ["http-nio-8080"]
11-Dec-2019 17:56:17.124 INFO [main] org.apache.coyote.AbstractProtocol.destroy Destroying ProtocolHandler ["ajp-nio-8009"]
11-Dec-2019 17:56:21.695 INFO [main] org.apache.catalina.startup.VersionLoggerListener.log Server version:        Apache Tomcat/9.0.0.M9
11-Dec-2019 17:56:21.698 INFO [main] org.apache.catalina.startup.VersionLoggerListener.log Server built:          Jul 4 2016 18:22:47 UTC
11-Dec-2019 17:56:21.698 INFO [main] org.apache.catalina.startup.VersionLoggerListener.log Server number:         9.0.0.0
11-Dec-2019 17:56:21.699 INFO [main] org.apache.catalina.startup.VersionLoggerListener.log OS Name:               Windows 10
11-Dec-2019 17:56:21.699 INFO [main] org.apache.catalina.startup.VersionLoggerListener.log OS Version:            10.0
11-Dec-2019 17:56:21.699 INFO [main] org.apache.catalina.startup.VersionLoggerListener.log Architecture:          amd64
11-Dec-2019 17:56:21.699 INFO [main] org.apache.catalina.startup.VersionLoggerListener.log Java Home:             C:\Program Files\Java\jre1.8.0_212
11-Dec-2019 17:56:21.699 INFO [main] org.apache.catalina.startup.VersionLoggerListener.log JVM Version:           1.8.0_212-b10
11-Dec-2019 17:56:21.700 INFO [main] org.apache.catalina.startup.VersionLoggerListener.log JVM Vendor:            Oracle Corporation
11-Dec-2019 17:56:21.700 INFO [main] org.apache.catalina.startup.VersionLoggerListener.log CATALINA_BASE:         C:\Users\EPS\Desktop\SD\seguridad\apache-tomcat-9.0.0.M9
11-Dec-2019 17:56:21.700 INFO [main] org.apache.catalina.startup.VersionLoggerListener.log CATALINA_HOME:         C:\Users\EPS\Desktop\SD\seguridad\apache-tomcat-9.0.0.M9
11-Dec-2019 17:56:21.700 INFO [main] org.apache.catalina.startup.VersionLoggerListener.log Command line argument: -Djdk.tls.ephemeralDHKeySize=2048
11-Dec-2019 17:56:21.701 INFO [main] org.apache.catalina.startup.VersionLoggerListener.log Command line argument: -Djava.util.logging.config.file=C:\Users\EPS\Desktop\SD\seguridad\apache-tomcat-9.0.0.M9\conf\logging.properties
11-Dec-2019 17:56:21.701 INFO [main] org.apache.catalina.startup.VersionLoggerListener.log Command line argument: -Djava.util.logging.manager=org.apache.juli.ClassLoaderLogManager
11-Dec-2019 17:56:21.701 INFO [main] org.apache.catalina.startup.VersionLoggerListener.log Command line argument: -Dcatalina.base=C:\Users\EPS\Desktop\SD\seguridad\apache-tomcat-9.0.0.M9
11-Dec-2019 17:56:21.701 INFO [main] org.apache.catalina.startup.VersionLoggerListener.log Command line argument: -Dcatalina.home=C:\Users\EPS\Desktop\SD\seguridad\apache-tomcat-9.0.0.M9
11-Dec-2019 17:56:21.702 INFO [main] org.apache.catalina.startup.VersionLoggerListener.log Command line argument: -Djava.io.tmpdir=C:\Users\EPS\Desktop\SD\seguridad\apache-tomcat-9.0.0.M9\temp
11-Dec-2019 17:56:21.705 INFO [main] org.apache.catalina.core.AprLifecycleListener.lifecycleEvent The APR based Apache Tomcat Native library which allows optimal performance in production environments was not found on the java.library.path: C:\Program Files\Java\jre1.8.0_212\bin;C:\Windows\Sun\Java\bin;C:\Windows\system32;C:\Windows;C:\Windows;%INTELDEV_REDIST%redist\intel64\compiler;%INTELDEV_REDIST%redist\ia32\compiler;C:\Program Files\NVIDIA GPU Computing Toolkit\CUDA\v10.1\bin;C:\Program Files\NVIDIA GPU Computing Toolkit\CUDA\v10.1\libnvvp;;;C:\Program Files\Microsoft MPI\Bin\;C:\Windows\system32;C:\Windows;C:\Windows\System32\Wbem;C:\Windows\System32\WindowsPowerShell\v1.0\;C:\Windows\System32\OpenSSH\;C:\Program Files (x86)\AMD\ATI.ACE\Core-Static;C:\Windows\EPS\programas;C:\Program Files (x86)\NVIDIA Corporation\PhysX\Common;C:\Program Files\dotnet\;C:\Program Files\Microsoft SQL Server\130\Tools\Binn\;C:\Program Files\Microsoft SQL Server\Client SDK\ODBC\170\Tools\Binn\;C:\Program Files\Git\cmd;C:\Program Files (x86)\Microsoft SQL Server\150\Tools\Binn\;C:\Program Files\Microsoft SQL Server\150\Tools\Binn\;C:\Program Files (x86)\Microsoft SQL Server\150\DTS\Binn\;C:\Program Files\Microsoft SQL Server\150\DTS\Binn\;C:\Program Files\NVIDIA Corporation\NVIDIA NvDLISR;C:\Program Files\Microsoft SQL Server\120\Tools\Binn\;C:\Program Files\Common Files\Autodesk Shared\;C:\Program Files\Microsoft SQL Server\110\Tools\Binn\;C:\Program Files (x86)\Common Files\AspenTech Shared\;C:\Program Files\NVIDIA Corporation\Nsight Compute 2019.4.0\;C:\Users\EPS\AppData\Local\Microsoft\WindowsApps;AspenTech\Aspen Hydraulics;C:\Program Files (x86)\Brackets\command;C:\Program Files\Csound6_x64\bin;C:\oracle\instantclient;C:\Users\EPS\AppData\Roaming\npm;C:\Program Files\Java\jre1.8.0_212\bin;C:\Program Files\Java\Java3D\1.5.1\bin;C:\Program Files\MATLAB\R2019a\bin;C:\Program Files\MySQL\mysql-8.0.11\bin;C:\Program Files (x86)\nodejs;C:\Python27\;C:\Python27\Scripts;C:\Users\EPS\AppData\Local\Microsoft\WindowsApps;AspenTech\Aspen Hydraulics;.
11-Dec-2019 17:56:22.014 INFO [main] org.apache.coyote.AbstractProtocol.init Initializing ProtocolHandler ["http-nio-8080"]
11-Dec-2019 17:56:22.444 INFO [main] org.apache.tomcat.util.net.NioSelectorPool.getSharedSelector Using a shared selector for servlet write/read
11-Dec-2019 17:56:22.450 INFO [main] org.apache.coyote.AbstractProtocol.init Initializing ProtocolHandler ["ajp-nio-8009"]
11-Dec-2019 17:56:22.454 INFO [main] org.apache.tomcat.util.net.NioSelectorPool.getSharedSelector Using a shared selector for servlet write/read
11-Dec-2019 17:56:22.456 INFO [main] org.apache.catalina.startup.Catalina.load Initialization processed in 1518 ms
11-Dec-2019 17:56:22.514 INFO [main] org.apache.catalina.core.StandardService.startInternal Starting service Catalina
11-Dec-2019 17:56:22.515 INFO [main] org.apache.catalina.core.StandardEngine.startInternal Starting Servlet Engine: Apache Tomcat/9.0.0.M9
11-Dec-2019 17:56:22.558 INFO [localhost-startStop-1] org.apache.catalina.startup.HostConfig.deployWAR Deploying web application archive C:\Users\EPS\Desktop\SD\seguridad\apache-tomcat-9.0.0.M9\webapps\Sensor.war
11-Dec-2019 17:56:26.096 INFO [localhost-startStop-1] org.apache.jasper.servlet.TldScanner.scanJars At least one JAR was scanned for TLDs yet contained no TLDs. Enable debug logging for this logger for a complete list of JARs that were scanned but no TLDs were found in them. Skipping unneeded JARs during scanning can improve startup time and JSP compilation time.
11-Dec-2019 17:56:29.282 INFO [localhost-startStop-1] org.apache.catalina.startup.HostConfig.deployWAR Deployment of web application archive C:\Users\EPS\Desktop\SD\seguridad\apache-tomcat-9.0.0.M9\webapps\Sensor.war has finished in 6,722 ms
11-Dec-2019 17:56:29.291 INFO [main] org.apache.coyote.AbstractProtocol.start Starting ProtocolHandler [http-nio-8080]
11-Dec-2019 17:56:29.310 INFO [main] org.apache.coyote.AbstractProtocol.start Starting ProtocolHandler [ajp-nio-8009]
11-Dec-2019 17:56:29.314 INFO [main] org.apache.catalina.startup.Catalina.start Server startup in 6855 ms
11-Dec-2019 18:30:09.962 INFO [ContainerBackgroundProcessor[StandardEngine[Catalina]]] org.apache.catalina.startup.HostConfig.undeploy Undeploying context [/Sensor]
11-Dec-2019 18:30:10.456 INFO [localhost-startStop-2] org.apache.catalina.startup.HostConfig.deployWAR Deploying web application archive C:\Users\EPS\Desktop\SD\seguridad\apache-tomcat-9.0.0.M9\webapps\Sensor.war
11-Dec-2019 18:30:23.100 INFO [localhost-startStop-2] org.apache.catalina.startup.HostConfig.deployWAR Deployment of web application archive C:\Users\EPS\Desktop\SD\seguridad\apache-tomcat-9.0.0.M9\webapps\Sensor.war has finished in 12,643 ms
11-Dec-2019 18:30:33.582 INFO [main] org.apache.catalina.core.StandardServer.await A valid shutdown command was received via the shutdown port. Stopping the Server instance.
11-Dec-2019 18:30:33.583 INFO [main] org.apache.coyote.AbstractProtocol.pause Pausing ProtocolHandler ["http-nio-8080"]
11-Dec-2019 18:30:33.643 INFO [main] org.apache.coyote.AbstractProtocol.pause Pausing ProtocolHandler ["ajp-nio-8009"]
11-Dec-2019 18:30:33.695 INFO [main] org.apache.catalina.core.StandardService.stopInternal Stopping service Catalina
11-Dec-2019 18:30:33.896 INFO [main] org.apache.coyote.AbstractProtocol.stop Stopping ProtocolHandler ["http-nio-8080"]
11-Dec-2019 18:30:33.900 INFO [main] org.apache.coyote.AbstractProtocol.stop Stopping ProtocolHandler ["ajp-nio-8009"]
11-Dec-2019 18:30:33.901 INFO [main] org.apache.coyote.AbstractProtocol.destroy Destroying ProtocolHandler ["http-nio-8080"]
11-Dec-2019 18:30:33.903 INFO [main] org.apache.coyote.AbstractProtocol.destroy Destroying ProtocolHandler ["ajp-nio-8009"]
11-Dec-2019 18:30:39.523 SEVERE [main] org.apache.catalina.startup.Catalina.stopServer Could not contact localhost:8005. Tomcat may not be running.
11-Dec-2019 18:30:39.526 SEVERE [main] org.apache.catalina.startup.Catalina.stopServer Catalina.stop: 
 java.net.ConnectException: Connection refused: connect
	at java.net.DualStackPlainSocketImpl.connect0(Native Method)
	at java.net.DualStackPlainSocketImpl.socketConnect(Unknown Source)
	at java.net.AbstractPlainSocketImpl.doConnect(Unknown Source)
	at java.net.AbstractPlainSocketImpl.connectToAddress(Unknown Source)
	at java.net.AbstractPlainSocketImpl.connect(Unknown Source)
	at java.net.PlainSocketImpl.connect(Unknown Source)
	at java.net.SocksSocketImpl.connect(Unknown Source)
	at java.net.Socket.connect(Unknown Source)
	at java.net.Socket.connect(Unknown Source)
	at java.net.Socket.<init>(Unknown Source)
	at java.net.Socket.<init>(Unknown Source)
	at org.apache.catalina.startup.Catalina.stopServer(Catalina.java:476)
	at sun.reflect.NativeMethodAccessorImpl.invoke0(Native Method)
	at sun.reflect.NativeMethodAccessorImpl.invoke(Unknown Source)
	at sun.reflect.DelegatingMethodAccessorImpl.invoke(Unknown Source)
	at java.lang.reflect.Method.invoke(Unknown Source)
	at org.apache.catalina.startup.Bootstrap.stopServer(Bootstrap.java:408)
	at org.apache.catalina.startup.Bootstrap.main(Bootstrap.java:497)

11-Dec-2019 18:30:42.379 INFO [main] org.apache.catalina.startup.VersionLoggerListener.log Server version:        Apache Tomcat/9.0.0.M9
11-Dec-2019 18:30:42.382 INFO [main] org.apache.catalina.startup.VersionLoggerListener.log Server built:          Jul 4 2016 18:22:47 UTC
11-Dec-2019 18:30:42.382 INFO [main] org.apache.catalina.startup.VersionLoggerListener.log Server number:         9.0.0.0
11-Dec-2019 18:30:42.382 INFO [main] org.apache.catalina.startup.VersionLoggerListener.log OS Name:               Windows 10
11-Dec-2019 18:30:42.382 INFO [main] org.apache.catalina.startup.VersionLoggerListener.log OS Version:            10.0
11-Dec-2019 18:30:42.383 INFO [main] org.apache.catalina.startup.VersionLoggerListener.log Architecture:          amd64
11-Dec-2019 18:30:42.383 INFO [main] org.apache.catalina.startup.VersionLoggerListener.log Java Home:             C:\Program Files\Java\jre1.8.0_212
11-Dec-2019 18:30:42.383 INFO [main] org.apache.catalina.startup.VersionLoggerListener.log JVM Version:           1.8.0_212-b10
11-Dec-2019 18:30:42.383 INFO [main] org.apache.catalina.startup.VersionLoggerListener.log JVM Vendor:            Oracle Corporation
11-Dec-2019 18:30:42.383 INFO [main] org.apache.catalina.startup.VersionLoggerListener.log CATALINA_BASE:         C:\Users\EPS\Desktop\SD\seguridad\apache-tomcat-9.0.0.M9
11-Dec-2019 18:30:42.384 INFO [main] org.apache.catalina.startup.VersionLoggerListener.log CATALINA_HOME:         C:\Users\EPS\Desktop\SD\seguridad\apache-tomcat-9.0.0.M9
11-Dec-2019 18:30:42.384 INFO [main] org.apache.catalina.startup.VersionLoggerListener.log Command line argument: -Djdk.tls.ephemeralDHKeySize=2048
11-Dec-2019 18:30:42.385 INFO [main] org.apache.catalina.startup.VersionLoggerListener.log Command line argument: -Djava.util.logging.config.file=C:\Users\EPS\Desktop\SD\seguridad\apache-tomcat-9.0.0.M9\conf\logging.properties
11-Dec-2019 18:30:42.385 INFO [main] org.apache.catalina.startup.VersionLoggerListener.log Command line argument: -Djava.util.logging.manager=org.apache.juli.ClassLoaderLogManager
11-Dec-2019 18:30:42.385 INFO [main] org.apache.catalina.startup.VersionLoggerListener.log Command line argument: -Dcatalina.base=C:\Users\EPS\Desktop\SD\seguridad\apache-tomcat-9.0.0.M9
11-Dec-2019 18:30:42.386 INFO [main] org.apache.catalina.startup.VersionLoggerListener.log Command line argument: -Dcatalina.home=C:\Users\EPS\Desktop\SD\seguridad\apache-tomcat-9.0.0.M9
11-Dec-2019 18:30:42.386 INFO [main] org.apache.catalina.startup.VersionLoggerListener.log Command line argument: -Djava.io.tmpdir=C:\Users\EPS\Desktop\SD\seguridad\apache-tomcat-9.0.0.M9\temp
11-Dec-2019 18:30:42.389 INFO [main] org.apache.catalina.core.AprLifecycleListener.lifecycleEvent The APR based Apache Tomcat Native library which allows optimal performance in production environments was not found on the java.library.path: C:\Program Files\Java\jre1.8.0_212\bin;C:\Windows\Sun\Java\bin;C:\Windows\system32;C:\Windows;C:\Windows;%INTELDEV_REDIST%redist\intel64\compiler;%INTELDEV_REDIST%redist\ia32\compiler;C:\Program Files\NVIDIA GPU Computing Toolkit\CUDA\v10.1\bin;C:\Program Files\NVIDIA GPU Computing Toolkit\CUDA\v10.1\libnvvp;;;C:\Program Files\Microsoft MPI\Bin\;C:\Windows\system32;C:\Windows;C:\Windows\System32\Wbem;C:\Windows\System32\WindowsPowerShell\v1.0\;C:\Windows\System32\OpenSSH\;C:\Program Files (x86)\AMD\ATI.ACE\Core-Static;C:\Windows\EPS\programas;C:\Program Files (x86)\NVIDIA Corporation\PhysX\Common;C:\Program Files\dotnet\;C:\Program Files\Microsoft SQL Server\130\Tools\Binn\;C:\Program Files\Microsoft SQL Server\Client SDK\ODBC\170\Tools\Binn\;C:\Program Files\Git\cmd;C:\Program Files (x86)\Microsoft SQL Server\150\Tools\Binn\;C:\Program Files\Microsoft SQL Server\150\Tools\Binn\;C:\Program Files (x86)\Microsoft SQL Server\150\DTS\Binn\;C:\Program Files\Microsoft SQL Server\150\DTS\Binn\;C:\Program Files\NVIDIA Corporation\NVIDIA NvDLISR;C:\Program Files\Microsoft SQL Server\120\Tools\Binn\;C:\Program Files\Common Files\Autodesk Shared\;C:\Program Files\Microsoft SQL Server\110\Tools\Binn\;C:\Program Files (x86)\Common Files\AspenTech Shared\;C:\Program Files\NVIDIA Corporation\Nsight Compute 2019.4.0\;C:\Users\EPS\AppData\Local\Microsoft\WindowsApps;AspenTech\Aspen Hydraulics;C:\Program Files (x86)\Brackets\command;C:\Program Files\Csound6_x64\bin;C:\oracle\instantclient;C:\Users\EPS\AppData\Roaming\npm;C:\Program Files\Java\jre1.8.0_212\bin;C:\Program Files\Java\Java3D\1.5.1\bin;C:\Program Files\MATLAB\R2019a\bin;C:\Program Files\MySQL\mysql-8.0.11\bin;C:\Program Files (x86)\nodejs;C:\Python27\;C:\Python27\Scripts;C:\Users\EPS\AppData\Local\Microsoft\WindowsApps;AspenTech\Aspen Hydraulics;.
11-Dec-2019 18:30:42.706 INFO [main] org.apache.coyote.AbstractProtocol.init Initializing ProtocolHandler ["http-nio-8080"]
11-Dec-2019 18:30:43.116 INFO [main] org.apache.tomcat.util.net.NioSelectorPool.getSharedSelector Using a shared selector for servlet write/read
11-Dec-2019 18:30:43.127 INFO [main] org.apache.coyote.AbstractProtocol.init Initializing ProtocolHandler ["ajp-nio-8009"]
11-Dec-2019 18:30:43.132 INFO [main] org.apache.tomcat.util.net.NioSelectorPool.getSharedSelector Using a shared selector for servlet write/read
11-Dec-2019 18:30:43.133 INFO [main] org.apache.catalina.startup.Catalina.load Initialization processed in 1421 ms
11-Dec-2019 18:30:43.193 INFO [main] org.apache.catalina.core.StandardService.startInternal Starting service Catalina
11-Dec-2019 18:30:43.193 INFO [main] org.apache.catalina.core.StandardEngine.startInternal Starting Servlet Engine: Apache Tomcat/9.0.0.M9
11-Dec-2019 18:30:43.238 INFO [localhost-startStop-1] org.apache.catalina.startup.HostConfig.deployWAR Deploying web application archive C:\Users\EPS\Desktop\SD\seguridad\apache-tomcat-9.0.0.M9\webapps\Sensor.war
11-Dec-2019 18:30:46.432 INFO [localhost-startStop-1] org.apache.jasper.servlet.TldScanner.scanJars At least one JAR was scanned for TLDs yet contained no TLDs. Enable debug logging for this logger for a complete list of JARs that were scanned but no TLDs were found in them. Skipping unneeded JARs during scanning can improve startup time and JSP compilation time.
11-Dec-2019 18:30:49.178 INFO [localhost-startStop-1] org.apache.catalina.startup.HostConfig.deployWAR Deployment of web application archive C:\Users\EPS\Desktop\SD\seguridad\apache-tomcat-9.0.0.M9\webapps\Sensor.war has finished in 5,938 ms
11-Dec-2019 18:30:49.186 INFO [main] org.apache.coyote.AbstractProtocol.start Starting ProtocolHandler [http-nio-8080]
11-Dec-2019 18:30:49.205 INFO [main] org.apache.coyote.AbstractProtocol.start Starting ProtocolHandler [ajp-nio-8009]
11-Dec-2019 18:30:49.209 INFO [main] org.apache.catalina.startup.Catalina.start Server startup in 6073 ms
