10-Dec-2019 13:46:31.030 INFO [main] org.apache.catalina.startup.VersionLoggerListener.log Server version:        Apache Tomcat/9.0.0.M9
10-Dec-2019 13:46:31.394 INFO [main] org.apache.catalina.startup.VersionLoggerListener.log Server built:          Jul 4 2016 18:22:47 UTC
10-Dec-2019 13:46:31.396 INFO [main] org.apache.catalina.startup.VersionLoggerListener.log Server number:         9.0.0.0
10-Dec-2019 13:46:31.396 INFO [main] org.apache.catalina.startup.VersionLoggerListener.log OS Name:               Windows 10
10-Dec-2019 13:46:31.396 INFO [main] org.apache.catalina.startup.VersionLoggerListener.log OS Version:            10.0
10-Dec-2019 13:46:31.396 INFO [main] org.apache.catalina.startup.VersionLoggerListener.log Architecture:          amd64
10-Dec-2019 13:46:31.396 INFO [main] org.apache.catalina.startup.VersionLoggerListener.log Java Home:             C:\Program Files\Java\jre1.8.0_212
10-Dec-2019 13:46:31.397 INFO [main] org.apache.catalina.startup.VersionLoggerListener.log JVM Version:           1.8.0_212-b10
10-Dec-2019 13:46:31.397 INFO [main] org.apache.catalina.startup.VersionLoggerListener.log JVM Vendor:            Oracle Corporation
10-Dec-2019 13:46:31.397 INFO [main] org.apache.catalina.startup.VersionLoggerListener.log CATALINA_BASE:         C:\Users\EPS\Desktop\SD\seguridad\apache-tomcat-9.0.0.M9
10-Dec-2019 13:46:31.397 INFO [main] org.apache.catalina.startup.VersionLoggerListener.log CATALINA_HOME:         C:\Users\EPS\Desktop\SD\seguridad\apache-tomcat-9.0.0.M9
10-Dec-2019 13:46:31.398 INFO [main] org.apache.catalina.startup.VersionLoggerListener.log Command line argument: -Djdk.tls.ephemeralDHKeySize=2048
10-Dec-2019 13:46:31.398 INFO [main] org.apache.catalina.startup.VersionLoggerListener.log Command line argument: -Djava.util.logging.config.file=C:\Users\EPS\Desktop\SD\seguridad\apache-tomcat-9.0.0.M9\conf\logging.properties
10-Dec-2019 13:46:31.398 INFO [main] org.apache.catalina.startup.VersionLoggerListener.log Command line argument: -Djava.util.logging.manager=org.apache.juli.ClassLoaderLogManager
10-Dec-2019 13:46:31.399 INFO [main] org.apache.catalina.startup.VersionLoggerListener.log Command line argument: -Dcatalina.base=C:\Users\EPS\Desktop\SD\seguridad\apache-tomcat-9.0.0.M9
10-Dec-2019 13:46:31.399 INFO [main] org.apache.catalina.startup.VersionLoggerListener.log Command line argument: -Dcatalina.home=C:\Users\EPS\Desktop\SD\seguridad\apache-tomcat-9.0.0.M9
10-Dec-2019 13:46:31.399 INFO [main] org.apache.catalina.startup.VersionLoggerListener.log Command line argument: -Djava.io.tmpdir=C:\Users\EPS\Desktop\SD\seguridad\apache-tomcat-9.0.0.M9\temp
10-Dec-2019 13:46:31.401 INFO [main] org.apache.catalina.core.AprLifecycleListener.lifecycleEvent The APR based Apache Tomcat Native library which allows optimal performance in production environments was not found on the java.library.path: C:\Program Files\Java\jre1.8.0_212\bin;C:\Windows\Sun\Java\bin;C:\Windows\system32;C:\Windows;%INTELDEV_REDIST%redist\intel64\compiler;%INTELDEV_REDIST%redist\ia32\compiler;C:\Program Files\NVIDIA GPU Computing Toolkit\CUDA\v10.1\bin;C:\Program Files\NVIDIA GPU Computing Toolkit\CUDA\v10.1\libnvvp;C:\Program Files\Microsoft MPI\Bin\;C:\Windows\system32;C:\Windows;C:\Windows\System32\Wbem;C:\Windows\System32\WindowsPowerShell\v1.0\;C:\Windows\System32\OpenSSH\;C:\Program Files (x86)\AMD\ATI.ACE\Core-Static;C:\Windows\EPS\programas;C:\Program Files (x86)\NVIDIA Corporation\PhysX\Common;C:\Program Files\dotnet\;C:\Program Files\Microsoft SQL Server\130\Tools\Binn\;C:\Program Files\Microsoft SQL Server\Client SDK\ODBC\170\Tools\Binn\;C:\Program Files\Git\cmd;C:\Program Files (x86)\Microsoft SQL Server\150\Tools\Binn\;C:\Program Files\Microsoft SQL Server\150\Tools\Binn\;C:\Program Files (x86)\Microsoft SQL Server\150\DTS\Binn\;C:\Program Files\Microsoft SQL Server\150\DTS\Binn\;C:\Program Files\NVIDIA Corporation\Nsight Compute 2019.3.0\;C:\Program Files\NVIDIA Corporation\NVIDIA NvDLISR;C:\Program Files\Microsoft SQL Server\120\Tools\Binn\;C:\Program Files\Common Files\Autodesk Shared\;C:\Program Files\Microsoft SQL Server\110\Tools\Binn\;C:\Program Files (x86)\Common Files\AspenTech Shared\;C:\Users\EPS\AppData\Local\Microsoft\WindowsApps;AspenTech\Aspen Hydraulics;C:\Program Files (x86)\Brackets\command;C:\Program Files\Csound6_x64\bin;C:\oracle\instantclient;C:\Users\EPS\AppData\Roaming\npm;C:\Program Files\Java\jre1.8.0_212\bin;C:\Program Files\Java\Java3D\1.5.1\bin;C:\Program Files\MATLAB\R2019a\bin;C:\Program Files\MySQL\mysql-8.0.11\bin;C:\Program Files (x86)\nodejs;C:\Python27\;C:\Python27\Scripts;C:\Users\EPS\AppData\Local\Microsoft\WindowsApps;AspenTech\Aspen Hydraulics;.
10-Dec-2019 13:46:46.903 INFO [main] org.apache.coyote.AbstractProtocol.init Initializing ProtocolHandler ["http-nio-8080"]
10-Dec-2019 13:46:49.801 INFO [main] org.apache.tomcat.util.net.NioSelectorPool.getSharedSelector Using a shared selector for servlet write/read
10-Dec-2019 13:46:49.826 INFO [main] org.apache.coyote.AbstractProtocol.init Initializing ProtocolHandler ["ajp-nio-8009"]
10-Dec-2019 13:46:49.843 INFO [main] org.apache.tomcat.util.net.NioSelectorPool.getSharedSelector Using a shared selector for servlet write/read
10-Dec-2019 13:46:49.843 INFO [main] org.apache.catalina.startup.Catalina.load Initialization processed in 34087 ms
10-Dec-2019 13:46:50.256 INFO [main] org.apache.catalina.core.StandardService.startInternal Starting service Catalina
10-Dec-2019 13:46:50.258 INFO [main] org.apache.catalina.core.StandardEngine.startInternal Starting Servlet Engine: Apache Tomcat/9.0.0.M9
10-Dec-2019 13:46:50.347 INFO [localhost-startStop-1] org.apache.catalina.startup.HostConfig.deployWAR Deploying web application archive C:\Users\EPS\Desktop\SD\seguridad\apache-tomcat-9.0.0.M9\webapps\EjemploServicios.war
10-Dec-2019 13:47:02.821 INFO [localhost-startStop-1] org.apache.jasper.servlet.TldScanner.scanJars At least one JAR was scanned for TLDs yet contained no TLDs. Enable debug logging for this logger for a complete list of JARs that were scanned but no TLDs were found in them. Skipping unneeded JARs during scanning can improve startup time and JSP compilation time.
10-Dec-2019 13:47:08.674 INFO [localhost-startStop-1] org.apache.catalina.startup.HostConfig.deployWAR Deployment of web application archive C:\Users\EPS\Desktop\SD\seguridad\apache-tomcat-9.0.0.M9\webapps\EjemploServicios.war has finished in 18,319 ms
10-Dec-2019 13:47:08.677 INFO [localhost-startStop-1] org.apache.catalina.startup.HostConfig.deployDirectory Deploying web application directory C:\Users\EPS\Desktop\SD\seguridad\apache-tomcat-9.0.0.M9\webapps\docs
10-Dec-2019 13:47:08.733 INFO [localhost-startStop-1] org.apache.catalina.startup.HostConfig.deployDirectory Deployment of web application directory C:\Users\EPS\Desktop\SD\seguridad\apache-tomcat-9.0.0.M9\webapps\docs has finished in 56 ms
10-Dec-2019 13:47:08.736 INFO [localhost-startStop-1] org.apache.catalina.startup.HostConfig.deployDirectory Deploying web application directory C:\Users\EPS\Desktop\SD\seguridad\apache-tomcat-9.0.0.M9\webapps\examples
10-Dec-2019 13:47:09.877 INFO [localhost-startStop-1] org.apache.catalina.startup.HostConfig.deployDirectory Deployment of web application directory C:\Users\EPS\Desktop\SD\seguridad\apache-tomcat-9.0.0.M9\webapps\examples has finished in 1,141 ms
10-Dec-2019 13:47:09.880 INFO [localhost-startStop-1] org.apache.catalina.startup.HostConfig.deployDirectory Deploying web application directory C:\Users\EPS\Desktop\SD\seguridad\apache-tomcat-9.0.0.M9\webapps\host-manager
10-Dec-2019 13:47:09.971 INFO [localhost-startStop-1] org.apache.catalina.startup.HostConfig.deployDirectory Deployment of web application directory C:\Users\EPS\Desktop\SD\seguridad\apache-tomcat-9.0.0.M9\webapps\host-manager has finished in 91 ms
10-Dec-2019 13:47:09.972 INFO [localhost-startStop-1] org.apache.catalina.startup.HostConfig.deployDirectory Deploying web application directory C:\Users\EPS\Desktop\SD\seguridad\apache-tomcat-9.0.0.M9\webapps\manager
10-Dec-2019 13:47:10.035 INFO [localhost-startStop-1] org.apache.catalina.startup.HostConfig.deployDirectory Deployment of web application directory C:\Users\EPS\Desktop\SD\seguridad\apache-tomcat-9.0.0.M9\webapps\manager has finished in 63 ms
10-Dec-2019 13:47:10.037 INFO [localhost-startStop-1] org.apache.catalina.startup.HostConfig.deployDirectory Deploying web application directory C:\Users\EPS\Desktop\SD\seguridad\apache-tomcat-9.0.0.M9\webapps\ROOT
10-Dec-2019 13:47:10.090 INFO [localhost-startStop-1] org.apache.catalina.startup.HostConfig.deployDirectory Deployment of web application directory C:\Users\EPS\Desktop\SD\seguridad\apache-tomcat-9.0.0.M9\webapps\ROOT has finished in 52 ms
10-Dec-2019 13:47:10.097 INFO [main] org.apache.coyote.AbstractProtocol.start Starting ProtocolHandler [http-nio-8080]
10-Dec-2019 13:47:10.113 INFO [main] org.apache.coyote.AbstractProtocol.start Starting ProtocolHandler [ajp-nio-8009]
10-Dec-2019 13:47:10.117 INFO [main] org.apache.catalina.startup.Catalina.start Server startup in 20273 ms
10-Dec-2019 13:49:31.702 INFO [main] org.apache.catalina.core.StandardServer.await A valid shutdown command was received via the shutdown port. Stopping the Server instance.
10-Dec-2019 13:49:31.704 INFO [main] org.apache.coyote.AbstractProtocol.pause Pausing ProtocolHandler ["http-nio-8080"]
10-Dec-2019 13:49:31.763 INFO [main] org.apache.coyote.AbstractProtocol.pause Pausing ProtocolHandler ["ajp-nio-8009"]
10-Dec-2019 13:49:31.816 INFO [main] org.apache.catalina.core.StandardService.stopInternal Stopping service Catalina
10-Dec-2019 13:49:32.062 INFO [main] org.apache.coyote.AbstractProtocol.stop Stopping ProtocolHandler ["http-nio-8080"]
10-Dec-2019 13:49:32.068 INFO [main] org.apache.coyote.AbstractProtocol.stop Stopping ProtocolHandler ["ajp-nio-8009"]
10-Dec-2019 13:49:32.072 INFO [main] org.apache.coyote.AbstractProtocol.destroy Destroying ProtocolHandler ["http-nio-8080"]
10-Dec-2019 13:49:32.079 INFO [main] org.apache.coyote.AbstractProtocol.destroy Destroying ProtocolHandler ["ajp-nio-8009"]
10-Dec-2019 13:49:39.227 INFO [main] org.apache.catalina.startup.VersionLoggerListener.log Server version:        Apache Tomcat/9.0.0.M9
10-Dec-2019 13:49:39.230 INFO [main] org.apache.catalina.startup.VersionLoggerListener.log Server built:          Jul 4 2016 18:22:47 UTC
10-Dec-2019 13:49:39.230 INFO [main] org.apache.catalina.startup.VersionLoggerListener.log Server number:         9.0.0.0
10-Dec-2019 13:49:39.230 INFO [main] org.apache.catalina.startup.VersionLoggerListener.log OS Name:               Windows 10
10-Dec-2019 13:49:39.231 INFO [main] org.apache.catalina.startup.VersionLoggerListener.log OS Version:            10.0
10-Dec-2019 13:49:39.231 INFO [main] org.apache.catalina.startup.VersionLoggerListener.log Architecture:          amd64
10-Dec-2019 13:49:39.231 INFO [main] org.apache.catalina.startup.VersionLoggerListener.log Java Home:             C:\Program Files\Java\jre1.8.0_212
10-Dec-2019 13:49:39.231 INFO [main] org.apache.catalina.startup.VersionLoggerListener.log JVM Version:           1.8.0_212-b10
10-Dec-2019 13:49:39.232 INFO [main] org.apache.catalina.startup.VersionLoggerListener.log JVM Vendor:            Oracle Corporation
10-Dec-2019 13:49:39.232 INFO [main] org.apache.catalina.startup.VersionLoggerListener.log CATALINA_BASE:         C:\Users\EPS\Desktop\SD\seguridad\apache-tomcat-9.0.0.M9
10-Dec-2019 13:49:39.232 INFO [main] org.apache.catalina.startup.VersionLoggerListener.log CATALINA_HOME:         C:\Users\EPS\Desktop\SD\seguridad\apache-tomcat-9.0.0.M9
10-Dec-2019 13:49:39.233 INFO [main] org.apache.catalina.startup.VersionLoggerListener.log Command line argument: -Djdk.tls.ephemeralDHKeySize=2048
10-Dec-2019 13:49:39.233 INFO [main] org.apache.catalina.startup.VersionLoggerListener.log Command line argument: -Djava.util.logging.config.file=C:\Users\EPS\Desktop\SD\seguridad\apache-tomcat-9.0.0.M9\conf\logging.properties
10-Dec-2019 13:49:39.233 INFO [main] org.apache.catalina.startup.VersionLoggerListener.log Command line argument: -Djava.util.logging.manager=org.apache.juli.ClassLoaderLogManager
10-Dec-2019 13:49:39.234 INFO [main] org.apache.catalina.startup.VersionLoggerListener.log Command line argument: -Dcatalina.base=C:\Users\EPS\Desktop\SD\seguridad\apache-tomcat-9.0.0.M9
10-Dec-2019 13:49:39.234 INFO [main] org.apache.catalina.startup.VersionLoggerListener.log Command line argument: -Dcatalina.home=C:\Users\EPS\Desktop\SD\seguridad\apache-tomcat-9.0.0.M9
10-Dec-2019 13:49:39.234 INFO [main] org.apache.catalina.startup.VersionLoggerListener.log Command line argument: -Djava.io.tmpdir=C:\Users\EPS\Desktop\SD\seguridad\apache-tomcat-9.0.0.M9\temp
10-Dec-2019 13:49:39.237 INFO [main] org.apache.catalina.core.AprLifecycleListener.lifecycleEvent The APR based Apache Tomcat Native library which allows optimal performance in production environments was not found on the java.library.path: C:\Program Files\Java\jre1.8.0_212\bin;C:\Windows\Sun\Java\bin;C:\Windows\system32;C:\Windows;%INTELDEV_REDIST%redist\intel64\compiler;%INTELDEV_REDIST%redist\ia32\compiler;C:\Program Files\NVIDIA GPU Computing Toolkit\CUDA\v10.1\bin;C:\Program Files\NVIDIA GPU Computing Toolkit\CUDA\v10.1\libnvvp;C:\Program Files\Microsoft MPI\Bin\;C:\Windows\system32;C:\Windows;C:\Windows\System32\Wbem;C:\Windows\System32\WindowsPowerShell\v1.0\;C:\Windows\System32\OpenSSH\;C:\Program Files (x86)\AMD\ATI.ACE\Core-Static;C:\Windows\EPS\programas;C:\Program Files (x86)\NVIDIA Corporation\PhysX\Common;C:\Program Files\dotnet\;C:\Program Files\Microsoft SQL Server\130\Tools\Binn\;C:\Program Files\Microsoft SQL Server\Client SDK\ODBC\170\Tools\Binn\;C:\Program Files\Git\cmd;C:\Program Files (x86)\Microsoft SQL Server\150\Tools\Binn\;C:\Program Files\Microsoft SQL Server\150\Tools\Binn\;C:\Program Files (x86)\Microsoft SQL Server\150\DTS\Binn\;C:\Program Files\Microsoft SQL Server\150\DTS\Binn\;C:\Program Files\NVIDIA Corporation\Nsight Compute 2019.3.0\;C:\Program Files\NVIDIA Corporation\NVIDIA NvDLISR;C:\Program Files\Microsoft SQL Server\120\Tools\Binn\;C:\Program Files\Common Files\Autodesk Shared\;C:\Program Files\Microsoft SQL Server\110\Tools\Binn\;C:\Program Files (x86)\Common Files\AspenTech Shared\;C:\Users\EPS\AppData\Local\Microsoft\WindowsApps;AspenTech\Aspen Hydraulics;C:\Program Files (x86)\Brackets\command;C:\Program Files\Csound6_x64\bin;C:\oracle\instantclient;C:\Users\EPS\AppData\Roaming\npm;C:\Program Files\Java\jre1.8.0_212\bin;C:\Program Files\Java\Java3D\1.5.1\bin;C:\Program Files\MATLAB\R2019a\bin;C:\Program Files\MySQL\mysql-8.0.11\bin;C:\Program Files (x86)\nodejs;C:\Python27\;C:\Python27\Scripts;C:\Users\EPS\AppData\Local\Microsoft\WindowsApps;AspenTech\Aspen Hydraulics;.
10-Dec-2019 13:49:39.560 INFO [main] org.apache.coyote.AbstractProtocol.init Initializing ProtocolHandler ["http-nio-8080"]
10-Dec-2019 13:49:39.931 INFO [main] org.apache.tomcat.util.net.NioSelectorPool.getSharedSelector Using a shared selector for servlet write/read
10-Dec-2019 13:49:39.938 INFO [main] org.apache.coyote.AbstractProtocol.init Initializing ProtocolHandler ["ajp-nio-8009"]
10-Dec-2019 13:49:39.945 INFO [main] org.apache.tomcat.util.net.NioSelectorPool.getSharedSelector Using a shared selector for servlet write/read
10-Dec-2019 13:49:39.945 INFO [main] org.apache.catalina.startup.Catalina.load Initialization processed in 1420 ms
10-Dec-2019 13:49:40.004 INFO [main] org.apache.catalina.core.StandardService.startInternal Starting service Catalina
10-Dec-2019 13:49:40.005 INFO [main] org.apache.catalina.core.StandardEngine.startInternal Starting Servlet Engine: Apache Tomcat/9.0.0.M9
10-Dec-2019 13:49:40.050 INFO [localhost-startStop-1] org.apache.catalina.startup.HostConfig.deployWAR Deploying web application archive C:\Users\EPS\Desktop\SD\seguridad\apache-tomcat-9.0.0.M9\webapps\EjemploServicios.war
10-Dec-2019 13:49:43.501 INFO [localhost-startStop-1] org.apache.jasper.servlet.TldScanner.scanJars At least one JAR was scanned for TLDs yet contained no TLDs. Enable debug logging for this logger for a complete list of JARs that were scanned but no TLDs were found in them. Skipping unneeded JARs during scanning can improve startup time and JSP compilation time.
10-Dec-2019 13:49:45.517 INFO [localhost-startStop-1] org.apache.catalina.startup.HostConfig.deployWAR Deployment of web application archive C:\Users\EPS\Desktop\SD\seguridad\apache-tomcat-9.0.0.M9\webapps\EjemploServicios.war has finished in 5,467 ms
10-Dec-2019 13:49:45.521 INFO [localhost-startStop-1] org.apache.catalina.startup.HostConfig.deployDirectory Deploying web application directory C:\Users\EPS\Desktop\SD\seguridad\apache-tomcat-9.0.0.M9\webapps\docs
10-Dec-2019 13:49:45.568 INFO [localhost-startStop-1] org.apache.catalina.startup.HostConfig.deployDirectory Deployment of web application directory C:\Users\EPS\Desktop\SD\seguridad\apache-tomcat-9.0.0.M9\webapps\docs has finished in 48 ms
10-Dec-2019 13:49:45.569 INFO [localhost-startStop-1] org.apache.catalina.startup.HostConfig.deployDirectory Deploying web application directory C:\Users\EPS\Desktop\SD\seguridad\apache-tomcat-9.0.0.M9\webapps\examples
10-Dec-2019 13:49:46.619 INFO [localhost-startStop-1] org.apache.catalina.startup.HostConfig.deployDirectory Deployment of web application directory C:\Users\EPS\Desktop\SD\seguridad\apache-tomcat-9.0.0.M9\webapps\examples has finished in 1,050 ms
10-Dec-2019 13:49:46.623 INFO [localhost-startStop-1] org.apache.catalina.startup.HostConfig.deployDirectory Deploying web application directory C:\Users\EPS\Desktop\SD\seguridad\apache-tomcat-9.0.0.M9\webapps\host-manager
10-Dec-2019 13:49:46.721 INFO [localhost-startStop-1] org.apache.catalina.startup.HostConfig.deployDirectory Deployment of web application directory C:\Users\EPS\Desktop\SD\seguridad\apache-tomcat-9.0.0.M9\webapps\host-manager has finished in 97 ms
10-Dec-2019 13:49:46.727 INFO [localhost-startStop-1] org.apache.catalina.startup.HostConfig.deployDirectory Deploying web application directory C:\Users\EPS\Desktop\SD\seguridad\apache-tomcat-9.0.0.M9\webapps\manager
10-Dec-2019 13:49:46.800 INFO [localhost-startStop-1] org.apache.catalina.startup.HostConfig.deployDirectory Deployment of web application directory C:\Users\EPS\Desktop\SD\seguridad\apache-tomcat-9.0.0.M9\webapps\manager has finished in 74 ms
10-Dec-2019 13:49:46.801 INFO [localhost-startStop-1] org.apache.catalina.startup.HostConfig.deployDirectory Deploying web application directory C:\Users\EPS\Desktop\SD\seguridad\apache-tomcat-9.0.0.M9\webapps\ROOT
10-Dec-2019 13:49:46.852 INFO [localhost-startStop-1] org.apache.catalina.startup.HostConfig.deployDirectory Deployment of web application directory C:\Users\EPS\Desktop\SD\seguridad\apache-tomcat-9.0.0.M9\webapps\ROOT has finished in 49 ms
10-Dec-2019 13:49:46.861 INFO [main] org.apache.coyote.AbstractProtocol.start Starting ProtocolHandler [http-nio-8080]
10-Dec-2019 13:49:46.878 INFO [main] org.apache.coyote.AbstractProtocol.start Starting ProtocolHandler [ajp-nio-8009]
10-Dec-2019 13:49:46.882 INFO [main] org.apache.catalina.startup.Catalina.start Server startup in 6935 ms
10-Dec-2019 15:23:22.549 INFO [localhost-startStop-2] org.apache.catalina.startup.HostConfig.deployWAR Deploying web application archive C:\Users\EPS\Desktop\SD\seguridad\apache-tomcat-9.0.0.M9\webapps\Sensor.war
10-Dec-2019 15:23:31.494 INFO [localhost-startStop-2] org.apache.catalina.startup.HostConfig.deployWAR Deployment of web application archive C:\Users\EPS\Desktop\SD\seguridad\apache-tomcat-9.0.0.M9\webapps\Sensor.war has finished in 8,946 ms
10-Dec-2019 15:26:21.365 INFO [main] org.apache.catalina.core.StandardServer.await A valid shutdown command was received via the shutdown port. Stopping the Server instance.
10-Dec-2019 15:26:21.367 INFO [main] org.apache.coyote.AbstractProtocol.pause Pausing ProtocolHandler ["http-nio-8080"]
10-Dec-2019 15:26:21.427 INFO [main] org.apache.coyote.AbstractProtocol.pause Pausing ProtocolHandler ["ajp-nio-8009"]
10-Dec-2019 15:26:21.479 INFO [main] org.apache.catalina.core.StandardService.stopInternal Stopping service Catalina
10-Dec-2019 15:26:22.039 INFO [main] org.apache.coyote.AbstractProtocol.stop Stopping ProtocolHandler ["http-nio-8080"]
10-Dec-2019 15:26:22.077 INFO [main] org.apache.coyote.AbstractProtocol.stop Stopping ProtocolHandler ["ajp-nio-8009"]
10-Dec-2019 15:26:22.080 INFO [main] org.apache.coyote.AbstractProtocol.destroy Destroying ProtocolHandler ["http-nio-8080"]
10-Dec-2019 15:26:22.082 INFO [main] org.apache.coyote.AbstractProtocol.destroy Destroying ProtocolHandler ["ajp-nio-8009"]
10-Dec-2019 15:26:45.578 INFO [main] org.apache.catalina.startup.VersionLoggerListener.log Server version:        Apache Tomcat/9.0.0.M9
10-Dec-2019 15:26:45.581 INFO [main] org.apache.catalina.startup.VersionLoggerListener.log Server built:          Jul 4 2016 18:22:47 UTC
10-Dec-2019 15:26:45.582 INFO [main] org.apache.catalina.startup.VersionLoggerListener.log Server number:         9.0.0.0
10-Dec-2019 15:26:45.582 INFO [main] org.apache.catalina.startup.VersionLoggerListener.log OS Name:               Windows 10
10-Dec-2019 15:26:45.582 INFO [main] org.apache.catalina.startup.VersionLoggerListener.log OS Version:            10.0
10-Dec-2019 15:26:45.583 INFO [main] org.apache.catalina.startup.VersionLoggerListener.log Architecture:          amd64
10-Dec-2019 15:26:45.583 INFO [main] org.apache.catalina.startup.VersionLoggerListener.log Java Home:             C:\Program Files\Java\jre1.8.0_212
10-Dec-2019 15:26:45.583 INFO [main] org.apache.catalina.startup.VersionLoggerListener.log JVM Version:           1.8.0_212-b10
10-Dec-2019 15:26:45.583 INFO [main] org.apache.catalina.startup.VersionLoggerListener.log JVM Vendor:            Oracle Corporation
10-Dec-2019 15:26:45.583 INFO [main] org.apache.catalina.startup.VersionLoggerListener.log CATALINA_BASE:         C:\Users\EPS\Desktop\SD\seguridad\apache-tomcat-9.0.0.M9
10-Dec-2019 15:26:45.584 INFO [main] org.apache.catalina.startup.VersionLoggerListener.log CATALINA_HOME:         C:\Users\EPS\Desktop\SD\seguridad\apache-tomcat-9.0.0.M9
10-Dec-2019 15:26:45.584 INFO [main] org.apache.catalina.startup.VersionLoggerListener.log Command line argument: -Djdk.tls.ephemeralDHKeySize=2048
10-Dec-2019 15:26:45.584 INFO [main] org.apache.catalina.startup.VersionLoggerListener.log Command line argument: -Djava.util.logging.config.file=C:\Users\EPS\Desktop\SD\seguridad\apache-tomcat-9.0.0.M9\conf\logging.properties
10-Dec-2019 15:26:45.585 INFO [main] org.apache.catalina.startup.VersionLoggerListener.log Command line argument: -Djava.util.logging.manager=org.apache.juli.ClassLoaderLogManager
10-Dec-2019 15:26:45.585 INFO [main] org.apache.catalina.startup.VersionLoggerListener.log Command line argument: -Dcatalina.base=C:\Users\EPS\Desktop\SD\seguridad\apache-tomcat-9.0.0.M9
10-Dec-2019 15:26:45.586 INFO [main] org.apache.catalina.startup.VersionLoggerListener.log Command line argument: -Dcatalina.home=C:\Users\EPS\Desktop\SD\seguridad\apache-tomcat-9.0.0.M9
10-Dec-2019 15:26:45.586 INFO [main] org.apache.catalina.startup.VersionLoggerListener.log Command line argument: -Djava.io.tmpdir=C:\Users\EPS\Desktop\SD\seguridad\apache-tomcat-9.0.0.M9\temp
10-Dec-2019 15:26:45.588 INFO [main] org.apache.catalina.core.AprLifecycleListener.lifecycleEvent The APR based Apache Tomcat Native library which allows optimal performance in production environments was not found on the java.library.path: C:\Program Files\Java\jre1.8.0_212\bin;C:\Windows\Sun\Java\bin;C:\Windows\system32;C:\Windows;%INTELDEV_REDIST%redist\intel64\compiler;%INTELDEV_REDIST%redist\ia32\compiler;C:\Program Files\NVIDIA GPU Computing Toolkit\CUDA\v10.1\bin;C:\Program Files\NVIDIA GPU Computing Toolkit\CUDA\v10.1\libnvvp;C:\Program Files\Microsoft MPI\Bin\;C:\Windows\system32;C:\Windows;C:\Windows\System32\Wbem;C:\Windows\System32\WindowsPowerShell\v1.0\;C:\Windows\System32\OpenSSH\;C:\Program Files (x86)\AMD\ATI.ACE\Core-Static;C:\Windows\EPS\programas;C:\Program Files (x86)\NVIDIA Corporation\PhysX\Common;C:\Program Files\dotnet\;C:\Program Files\Microsoft SQL Server\130\Tools\Binn\;C:\Program Files\Microsoft SQL Server\Client SDK\ODBC\170\Tools\Binn\;C:\Program Files\Git\cmd;C:\Program Files (x86)\Microsoft SQL Server\150\Tools\Binn\;C:\Program Files\Microsoft SQL Server\150\Tools\Binn\;C:\Program Files (x86)\Microsoft SQL Server\150\DTS\Binn\;C:\Program Files\Microsoft SQL Server\150\DTS\Binn\;C:\Program Files\NVIDIA Corporation\Nsight Compute 2019.3.0\;C:\Program Files\NVIDIA Corporation\NVIDIA NvDLISR;C:\Program Files\Microsoft SQL Server\120\Tools\Binn\;C:\Program Files\Common Files\Autodesk Shared\;C:\Program Files\Microsoft SQL Server\110\Tools\Binn\;C:\Program Files (x86)\Common Files\AspenTech Shared\;C:\Users\EPS\AppData\Local\Microsoft\WindowsApps;AspenTech\Aspen Hydraulics;C:\Program Files (x86)\Brackets\command;C:\Program Files\Csound6_x64\bin;C:\oracle\instantclient;C:\Users\EPS\AppData\Roaming\npm;C:\Program Files\Java\jre1.8.0_212\bin;C:\Program Files\Java\Java3D\1.5.1\bin;C:\Program Files\MATLAB\R2019a\bin;C:\Program Files\MySQL\mysql-8.0.11\bin;C:\Program Files (x86)\nodejs;C:\Python27\;C:\Python27\Scripts;C:\Users\EPS\AppData\Local\Microsoft\WindowsApps;AspenTech\Aspen Hydraulics;.
10-Dec-2019 15:26:46.696 INFO [main] org.apache.coyote.AbstractProtocol.init Initializing ProtocolHandler ["http-nio-8080"]
10-Dec-2019 15:26:47.242 INFO [main] org.apache.tomcat.util.net.NioSelectorPool.getSharedSelector Using a shared selector for servlet write/read
10-Dec-2019 15:26:47.249 INFO [main] org.apache.coyote.AbstractProtocol.init Initializing ProtocolHandler ["ajp-nio-8009"]
10-Dec-2019 15:26:47.253 INFO [main] org.apache.tomcat.util.net.NioSelectorPool.getSharedSelector Using a shared selector for servlet write/read
10-Dec-2019 15:26:47.254 INFO [main] org.apache.catalina.startup.Catalina.load Initialization processed in 2630 ms
10-Dec-2019 15:26:47.358 INFO [main] org.apache.catalina.core.StandardService.startInternal Starting service Catalina
10-Dec-2019 15:26:47.359 INFO [main] org.apache.catalina.core.StandardEngine.startInternal Starting Servlet Engine: Apache Tomcat/9.0.0.M9
10-Dec-2019 15:26:47.416 INFO [localhost-startStop-1] org.apache.catalina.startup.HostConfig.deployWAR Deploying web application archive C:\Users\EPS\Desktop\SD\seguridad\apache-tomcat-9.0.0.M9\webapps\EjemploServicios.war
10-Dec-2019 15:26:52.457 INFO [localhost-startStop-1] org.apache.jasper.servlet.TldScanner.scanJars At least one JAR was scanned for TLDs yet contained no TLDs. Enable debug logging for this logger for a complete list of JARs that were scanned but no TLDs were found in them. Skipping unneeded JARs during scanning can improve startup time and JSP compilation time.
10-Dec-2019 15:26:55.439 INFO [localhost-startStop-1] org.apache.catalina.startup.HostConfig.deployWAR Deployment of web application archive C:\Users\EPS\Desktop\SD\seguridad\apache-tomcat-9.0.0.M9\webapps\EjemploServicios.war has finished in 8,018 ms
10-Dec-2019 15:26:55.445 INFO [localhost-startStop-1] org.apache.catalina.startup.HostConfig.deployWAR Deploying web application archive C:\Users\EPS\Desktop\SD\seguridad\apache-tomcat-9.0.0.M9\webapps\Sensor.war
10-Dec-2019 15:26:58.809 INFO [localhost-startStop-1] org.apache.jasper.servlet.TldScanner.scanJars At least one JAR was scanned for TLDs yet contained no TLDs. Enable debug logging for this logger for a complete list of JARs that were scanned but no TLDs were found in them. Skipping unneeded JARs during scanning can improve startup time and JSP compilation time.
10-Dec-2019 15:27:00.836 INFO [localhost-startStop-1] org.apache.catalina.startup.HostConfig.deployWAR Deployment of web application archive C:\Users\EPS\Desktop\SD\seguridad\apache-tomcat-9.0.0.M9\webapps\Sensor.war has finished in 5,391 ms
10-Dec-2019 15:27:00.840 INFO [localhost-startStop-1] org.apache.catalina.startup.HostConfig.deployDirectory Deploying web application directory C:\Users\EPS\Desktop\SD\seguridad\apache-tomcat-9.0.0.M9\webapps\docs
10-Dec-2019 15:27:00.921 INFO [localhost-startStop-1] org.apache.catalina.startup.HostConfig.deployDirectory Deployment of web application directory C:\Users\EPS\Desktop\SD\seguridad\apache-tomcat-9.0.0.M9\webapps\docs has finished in 81 ms
10-Dec-2019 15:27:00.922 INFO [localhost-startStop-1] org.apache.catalina.startup.HostConfig.deployDirectory Deploying web application directory C:\Users\EPS\Desktop\SD\seguridad\apache-tomcat-9.0.0.M9\webapps\examples
10-Dec-2019 15:27:01.857 INFO [localhost-startStop-1] org.apache.catalina.startup.HostConfig.deployDirectory Deployment of web application directory C:\Users\EPS\Desktop\SD\seguridad\apache-tomcat-9.0.0.M9\webapps\examples has finished in 935 ms
10-Dec-2019 15:27:01.858 INFO [localhost-startStop-1] org.apache.catalina.startup.HostConfig.deployDirectory Deploying web application directory C:\Users\EPS\Desktop\SD\seguridad\apache-tomcat-9.0.0.M9\webapps\host-manager
10-Dec-2019 15:27:01.936 INFO [localhost-startStop-1] org.apache.catalina.startup.HostConfig.deployDirectory Deployment of web application directory C:\Users\EPS\Desktop\SD\seguridad\apache-tomcat-9.0.0.M9\webapps\host-manager has finished in 77 ms
10-Dec-2019 15:27:01.937 INFO [localhost-startStop-1] org.apache.catalina.startup.HostConfig.deployDirectory Deploying web application directory C:\Users\EPS\Desktop\SD\seguridad\apache-tomcat-9.0.0.M9\webapps\manager
10-Dec-2019 15:27:02.010 INFO [localhost-startStop-1] org.apache.catalina.startup.HostConfig.deployDirectory Deployment of web application directory C:\Users\EPS\Desktop\SD\seguridad\apache-tomcat-9.0.0.M9\webapps\manager has finished in 72 ms
10-Dec-2019 15:27:02.010 INFO [localhost-startStop-1] org.apache.catalina.startup.HostConfig.deployDirectory Deploying web application directory C:\Users\EPS\Desktop\SD\seguridad\apache-tomcat-9.0.0.M9\webapps\ROOT
10-Dec-2019 15:27:02.063 INFO [localhost-startStop-1] org.apache.catalina.startup.HostConfig.deployDirectory Deployment of web application directory C:\Users\EPS\Desktop\SD\seguridad\apache-tomcat-9.0.0.M9\webapps\ROOT has finished in 53 ms
10-Dec-2019 15:27:02.078 INFO [main] org.apache.coyote.AbstractProtocol.start Starting ProtocolHandler [http-nio-8080]
10-Dec-2019 15:27:02.096 INFO [main] org.apache.coyote.AbstractProtocol.start Starting ProtocolHandler [ajp-nio-8009]
10-Dec-2019 15:27:02.101 INFO [main] org.apache.catalina.startup.Catalina.start Server startup in 14845 ms
10-Dec-2019 17:11:08.467 INFO [Thread-11] org.apache.coyote.AbstractProtocol.pause Pausing ProtocolHandler ["http-nio-8080"]
10-Dec-2019 17:11:08.530 INFO [Thread-11] org.apache.coyote.AbstractProtocol.pause Pausing ProtocolHandler ["ajp-nio-8009"]
10-Dec-2019 17:11:08.582 INFO [Thread-11] org.apache.catalina.core.StandardService.stopInternal Stopping service Catalina
10-Dec-2019 17:11:08.751 INFO [Thread-11] org.apache.coyote.AbstractProtocol.stop Stopping ProtocolHandler ["http-nio-8080"]
10-Dec-2019 17:11:08.757 INFO [Thread-11] org.apache.coyote.AbstractProtocol.stop Stopping ProtocolHandler ["ajp-nio-8009"]
10-Dec-2019 17:11:08.759 INFO [Thread-11] org.apache.coyote.AbstractProtocol.destroy Destroying ProtocolHandler ["http-nio-8080"]
10-Dec-2019 17:11:08.760 INFO [Thread-11] org.apache.coyote.AbstractProtocol.destroy Destroying ProtocolHandler ["ajp-nio-8009"]
