13-Dec-2019 10:41:39.941 INFO [main] org.apache.catalina.startup.VersionLoggerListener.log Server version:        Apache Tomcat/9.0.0.M9
13-Dec-2019 10:41:39.944 INFO [main] org.apache.catalina.startup.VersionLoggerListener.log Server built:          Jul 4 2016 18:22:47 UTC
13-Dec-2019 10:41:39.944 INFO [main] org.apache.catalina.startup.VersionLoggerListener.log Server number:         9.0.0.0
13-Dec-2019 10:41:39.945 INFO [main] org.apache.catalina.startup.VersionLoggerListener.log OS Name:               Windows 10
13-Dec-2019 10:41:39.945 INFO [main] org.apache.catalina.startup.VersionLoggerListener.log OS Version:            10.0
13-Dec-2019 10:41:39.945 INFO [main] org.apache.catalina.startup.VersionLoggerListener.log Architecture:          amd64
13-Dec-2019 10:41:39.946 INFO [main] org.apache.catalina.startup.VersionLoggerListener.log Java Home:             C:\Program Files\Java\jre1.8.0_212
13-Dec-2019 10:41:39.946 INFO [main] org.apache.catalina.startup.VersionLoggerListener.log JVM Version:           1.8.0_212-b10
13-Dec-2019 10:41:39.946 INFO [main] org.apache.catalina.startup.VersionLoggerListener.log JVM Vendor:            Oracle Corporation
13-Dec-2019 10:41:39.947 INFO [main] org.apache.catalina.startup.VersionLoggerListener.log CATALINA_BASE:         C:\Users\EPS\Desktop\SD\seguridad\apache-tomcat-9.0.0.M9
13-Dec-2019 10:41:39.947 INFO [main] org.apache.catalina.startup.VersionLoggerListener.log CATALINA_HOME:         C:\Users\EPS\Desktop\SD\seguridad\apache-tomcat-9.0.0.M9
13-Dec-2019 10:41:39.947 INFO [main] org.apache.catalina.startup.VersionLoggerListener.log Command line argument: -Djdk.tls.ephemeralDHKeySize=2048
13-Dec-2019 10:41:39.947 INFO [main] org.apache.catalina.startup.VersionLoggerListener.log Command line argument: -Djava.util.logging.config.file=C:\Users\EPS\Desktop\SD\seguridad\apache-tomcat-9.0.0.M9\conf\logging.properties
13-Dec-2019 10:41:39.948 INFO [main] org.apache.catalina.startup.VersionLoggerListener.log Command line argument: -Djava.util.logging.manager=org.apache.juli.ClassLoaderLogManager
13-Dec-2019 10:41:39.948 INFO [main] org.apache.catalina.startup.VersionLoggerListener.log Command line argument: -Dcatalina.base=C:\Users\EPS\Desktop\SD\seguridad\apache-tomcat-9.0.0.M9
13-Dec-2019 10:41:39.948 INFO [main] org.apache.catalina.startup.VersionLoggerListener.log Command line argument: -Dcatalina.home=C:\Users\EPS\Desktop\SD\seguridad\apache-tomcat-9.0.0.M9
13-Dec-2019 10:41:39.949 INFO [main] org.apache.catalina.startup.VersionLoggerListener.log Command line argument: -Djava.io.tmpdir=C:\Users\EPS\Desktop\SD\seguridad\apache-tomcat-9.0.0.M9\temp
13-Dec-2019 10:41:39.951 INFO [main] org.apache.catalina.core.AprLifecycleListener.lifecycleEvent The APR based Apache Tomcat Native library which allows optimal performance in production environments was not found on the java.library.path: C:\Program Files\Java\jre1.8.0_212\bin;C:\Windows\Sun\Java\bin;C:\Windows\system32;C:\Windows;C:\Windows;C:\Windows;C:\Windows;%INTELDEV_REDIST%redist\intel64\compiler;%INTELDEV_REDIST%redist\ia32\compiler;C:\Program Files\NVIDIA GPU Computing Toolkit\CUDA\v10.1\bin;C:\Program Files\NVIDIA GPU Computing Toolkit\CUDA\v10.1\libnvvp;;;C:\Program Files\Microsoft MPI\Bin\;C:\Windows\system32;C:\Windows;C:\Windows\System32\Wbem;C:\Windows\System32\WindowsPowerShell\v1.0\;C:\Windows\System32\OpenSSH\;C:\Program Files (x86)\AMD\ATI.ACE\Core-Static;C:\Windows\EPS\programas;C:\Program Files (x86)\NVIDIA Corporation\PhysX\Common;C:\Program Files\dotnet\;C:\Program Files\Microsoft SQL Server\130\Tools\Binn\;C:\Program Files\Microsoft SQL Server\Client SDK\ODBC\170\Tools\Binn\;C:\Program Files\Git\cmd;C:\Program Files (x86)\Microsoft SQL Server\150\Tools\Binn\;C:\Program Files\Microsoft SQL Server\150\Tools\Binn\;C:\Program Files (x86)\Microsoft SQL Server\150\DTS\Binn\;C:\Program Files\Microsoft SQL Server\150\DTS\Binn\;C:\Program Files\NVIDIA Corporation\NVIDIA NvDLISR;C:\Program Files\Microsoft SQL Server\120\Tools\Binn\;C:\Program Files\Common Files\Autodesk Shared\;C:\Program Files\Microsoft SQL Server\110\Tools\Binn\;C:\Program Files (x86)\Common Files\AspenTech Shared\;C:\Program Files\NVIDIA Corporation\Nsight Compute 2019.4.0\;C:\Users\EPS\AppData\Local\Microsoft\WindowsApps;AspenTech\Aspen Hydraulics;C:\Program Files (x86)\Brackets\command;C:\Program Files\Csound6_x64\bin;C:\oracle\instantclient;C:\Users\EPS\AppData\Roaming\npm;C:\Program Files\Java\jre1.8.0_212\bin;C:\Program Files\Java\Java3D\1.5.1\bin;C:\Program Files\MATLAB\R2019a\bin;C:\Program Files\MySQL\mysql-8.0.11\bin;C:\Program Files (x86)\nodejs;C:\Python27\;C:\Python27\Scripts;C:\Users\EPS\AppData\Local\Microsoft\WindowsApps;AspenTech\Aspen Hydraulics;.
13-Dec-2019 10:41:40.246 INFO [main] org.apache.coyote.AbstractProtocol.init Initializing ProtocolHandler ["http-nio-8080"]
13-Dec-2019 10:41:40.636 INFO [main] org.apache.tomcat.util.net.NioSelectorPool.getSharedSelector Using a shared selector for servlet write/read
13-Dec-2019 10:41:40.642 INFO [main] org.apache.coyote.AbstractProtocol.init Initializing ProtocolHandler ["ajp-nio-8009"]
13-Dec-2019 10:41:40.645 INFO [main] org.apache.tomcat.util.net.NioSelectorPool.getSharedSelector Using a shared selector for servlet write/read
13-Dec-2019 10:41:40.646 INFO [main] org.apache.catalina.startup.Catalina.load Initialization processed in 1334 ms
13-Dec-2019 10:41:40.709 INFO [main] org.apache.catalina.core.StandardService.startInternal Starting service Catalina
13-Dec-2019 10:41:40.709 INFO [main] org.apache.catalina.core.StandardEngine.startInternal Starting Servlet Engine: Apache Tomcat/9.0.0.M9
13-Dec-2019 10:41:40.779 INFO [localhost-startStop-1] org.apache.catalina.startup.HostConfig.deployWAR Deploying web application archive C:\Users\EPS\Desktop\SD\seguridad\apache-tomcat-9.0.0.M9\webapps\Sensor.war
13-Dec-2019 10:41:40.843 INFO [localhost-startStop-1] org.apache.catalina.startup.ExpandWar.expand An expanded directory [C:\Users\EPS\Desktop\SD\seguridad\apache-tomcat-9.0.0.M9\webapps\Sensor] was found with a last modified time that did not match the associated WAR. It will be deleted.
13-Dec-2019 10:41:48.908 INFO [localhost-startStop-1] org.apache.jasper.servlet.TldScanner.scanJars At least one JAR was scanned for TLDs yet contained no TLDs. Enable debug logging for this logger for a complete list of JARs that were scanned but no TLDs were found in them. Skipping unneeded JARs during scanning can improve startup time and JSP compilation time.
13-Dec-2019 10:41:51.555 INFO [localhost-startStop-1] org.apache.catalina.startup.HostConfig.deployWAR Deployment of web application archive C:\Users\EPS\Desktop\SD\seguridad\apache-tomcat-9.0.0.M9\webapps\Sensor.war has finished in 10,774 ms
13-Dec-2019 10:41:51.565 INFO [main] org.apache.coyote.AbstractProtocol.start Starting ProtocolHandler [http-nio-8080]
13-Dec-2019 10:41:51.586 INFO [main] org.apache.coyote.AbstractProtocol.start Starting ProtocolHandler [ajp-nio-8009]
13-Dec-2019 10:41:51.591 INFO [main] org.apache.catalina.startup.Catalina.start Server startup in 10943 ms
13-Dec-2019 10:42:12.154 INFO [main] org.apache.catalina.core.StandardServer.await A valid shutdown command was received via the shutdown port. Stopping the Server instance.
13-Dec-2019 10:42:12.155 INFO [main] org.apache.coyote.AbstractProtocol.pause Pausing ProtocolHandler ["http-nio-8080"]
13-Dec-2019 10:42:12.211 INFO [main] org.apache.coyote.AbstractProtocol.pause Pausing ProtocolHandler ["ajp-nio-8009"]
13-Dec-2019 10:42:12.263 INFO [main] org.apache.catalina.core.StandardService.stopInternal Stopping service Catalina
13-Dec-2019 10:42:12.342 INFO [main] org.apache.coyote.AbstractProtocol.stop Stopping ProtocolHandler ["http-nio-8080"]
13-Dec-2019 10:42:12.345 INFO [main] org.apache.coyote.AbstractProtocol.stop Stopping ProtocolHandler ["ajp-nio-8009"]
13-Dec-2019 10:42:12.347 INFO [main] org.apache.coyote.AbstractProtocol.destroy Destroying ProtocolHandler ["http-nio-8080"]
13-Dec-2019 10:42:12.366 INFO [main] org.apache.coyote.AbstractProtocol.destroy Destroying ProtocolHandler ["ajp-nio-8009"]
13-Dec-2019 10:42:15.798 INFO [main] org.apache.catalina.startup.VersionLoggerListener.log Server version:        Apache Tomcat/9.0.0.M9
13-Dec-2019 10:42:15.802 INFO [main] org.apache.catalina.startup.VersionLoggerListener.log Server built:          Jul 4 2016 18:22:47 UTC
13-Dec-2019 10:42:15.802 INFO [main] org.apache.catalina.startup.VersionLoggerListener.log Server number:         9.0.0.0
13-Dec-2019 10:42:15.802 INFO [main] org.apache.catalina.startup.VersionLoggerListener.log OS Name:               Windows 10
13-Dec-2019 10:42:15.803 INFO [main] org.apache.catalina.startup.VersionLoggerListener.log OS Version:            10.0
13-Dec-2019 10:42:15.803 INFO [main] org.apache.catalina.startup.VersionLoggerListener.log Architecture:          amd64
13-Dec-2019 10:42:15.804 INFO [main] org.apache.catalina.startup.VersionLoggerListener.log Java Home:             C:\Program Files\Java\jre1.8.0_212
13-Dec-2019 10:42:15.804 INFO [main] org.apache.catalina.startup.VersionLoggerListener.log JVM Version:           1.8.0_212-b10
13-Dec-2019 10:42:15.804 INFO [main] org.apache.catalina.startup.VersionLoggerListener.log JVM Vendor:            Oracle Corporation
13-Dec-2019 10:42:15.805 INFO [main] org.apache.catalina.startup.VersionLoggerListener.log CATALINA_BASE:         C:\Users\EPS\Desktop\SD\seguridad\apache-tomcat-9.0.0.M9
13-Dec-2019 10:42:15.805 INFO [main] org.apache.catalina.startup.VersionLoggerListener.log CATALINA_HOME:         C:\Users\EPS\Desktop\SD\seguridad\apache-tomcat-9.0.0.M9
13-Dec-2019 10:42:15.805 INFO [main] org.apache.catalina.startup.VersionLoggerListener.log Command line argument: -Djdk.tls.ephemeralDHKeySize=2048
13-Dec-2019 10:42:15.806 INFO [main] org.apache.catalina.startup.VersionLoggerListener.log Command line argument: -Djava.util.logging.config.file=C:\Users\EPS\Desktop\SD\seguridad\apache-tomcat-9.0.0.M9\conf\logging.properties
13-Dec-2019 10:42:15.806 INFO [main] org.apache.catalina.startup.VersionLoggerListener.log Command line argument: -Djava.util.logging.manager=org.apache.juli.ClassLoaderLogManager
13-Dec-2019 10:42:15.807 INFO [main] org.apache.catalina.startup.VersionLoggerListener.log Command line argument: -Dcatalina.base=C:\Users\EPS\Desktop\SD\seguridad\apache-tomcat-9.0.0.M9
13-Dec-2019 10:42:15.807 INFO [main] org.apache.catalina.startup.VersionLoggerListener.log Command line argument: -Dcatalina.home=C:\Users\EPS\Desktop\SD\seguridad\apache-tomcat-9.0.0.M9
13-Dec-2019 10:42:15.808 INFO [main] org.apache.catalina.startup.VersionLoggerListener.log Command line argument: -Djava.io.tmpdir=C:\Users\EPS\Desktop\SD\seguridad\apache-tomcat-9.0.0.M9\temp
13-Dec-2019 10:42:15.811 INFO [main] org.apache.catalina.core.AprLifecycleListener.lifecycleEvent The APR based Apache Tomcat Native library which allows optimal performance in production environments was not found on the java.library.path: C:\Program Files\Java\jre1.8.0_212\bin;C:\Windows\Sun\Java\bin;C:\Windows\system32;C:\Windows;C:\Windows;C:\Windows;C:\Windows;%INTELDEV_REDIST%redist\intel64\compiler;%INTELDEV_REDIST%redist\ia32\compiler;C:\Program Files\NVIDIA GPU Computing Toolkit\CUDA\v10.1\bin;C:\Program Files\NVIDIA GPU Computing Toolkit\CUDA\v10.1\libnvvp;;;C:\Program Files\Microsoft MPI\Bin\;C:\Windows\system32;C:\Windows;C:\Windows\System32\Wbem;C:\Windows\System32\WindowsPowerShell\v1.0\;C:\Windows\System32\OpenSSH\;C:\Program Files (x86)\AMD\ATI.ACE\Core-Static;C:\Windows\EPS\programas;C:\Program Files (x86)\NVIDIA Corporation\PhysX\Common;C:\Program Files\dotnet\;C:\Program Files\Microsoft SQL Server\130\Tools\Binn\;C:\Program Files\Microsoft SQL Server\Client SDK\ODBC\170\Tools\Binn\;C:\Program Files\Git\cmd;C:\Program Files (x86)\Microsoft SQL Server\150\Tools\Binn\;C:\Program Files\Microsoft SQL Server\150\Tools\Binn\;C:\Program Files (x86)\Microsoft SQL Server\150\DTS\Binn\;C:\Program Files\Microsoft SQL Server\150\DTS\Binn\;C:\Program Files\NVIDIA Corporation\NVIDIA NvDLISR;C:\Program Files\Microsoft SQL Server\120\Tools\Binn\;C:\Program Files\Common Files\Autodesk Shared\;C:\Program Files\Microsoft SQL Server\110\Tools\Binn\;C:\Program Files (x86)\Common Files\AspenTech Shared\;C:\Program Files\NVIDIA Corporation\Nsight Compute 2019.4.0\;C:\Users\EPS\AppData\Local\Microsoft\WindowsApps;AspenTech\Aspen Hydraulics;C:\Program Files (x86)\Brackets\command;C:\Program Files\Csound6_x64\bin;C:\oracle\instantclient;C:\Users\EPS\AppData\Roaming\npm;C:\Program Files\Java\jre1.8.0_212\bin;C:\Program Files\Java\Java3D\1.5.1\bin;C:\Program Files\MATLAB\R2019a\bin;C:\Program Files\MySQL\mysql-8.0.11\bin;C:\Program Files (x86)\nodejs;C:\Python27\;C:\Python27\Scripts;C:\Users\EPS\AppData\Local\Microsoft\WindowsApps;AspenTech\Aspen Hydraulics;.
13-Dec-2019 10:42:16.095 INFO [main] org.apache.coyote.AbstractProtocol.init Initializing ProtocolHandler ["http-nio-8080"]
13-Dec-2019 10:42:16.476 INFO [main] org.apache.tomcat.util.net.NioSelectorPool.getSharedSelector Using a shared selector for servlet write/read
13-Dec-2019 10:42:16.482 INFO [main] org.apache.coyote.AbstractProtocol.init Initializing ProtocolHandler ["ajp-nio-8009"]
13-Dec-2019 10:42:16.486 INFO [main] org.apache.tomcat.util.net.NioSelectorPool.getSharedSelector Using a shared selector for servlet write/read
13-Dec-2019 10:42:16.487 INFO [main] org.apache.catalina.startup.Catalina.load Initialization processed in 1413 ms
13-Dec-2019 10:42:16.542 INFO [main] org.apache.catalina.core.StandardService.startInternal Starting service Catalina
13-Dec-2019 10:42:16.543 INFO [main] org.apache.catalina.core.StandardEngine.startInternal Starting Servlet Engine: Apache Tomcat/9.0.0.M9
13-Dec-2019 10:42:16.584 INFO [localhost-startStop-1] org.apache.catalina.startup.HostConfig.deployWAR Deploying web application archive C:\Users\EPS\Desktop\SD\seguridad\apache-tomcat-9.0.0.M9\webapps\Sensor.war
13-Dec-2019 10:42:19.390 INFO [localhost-startStop-1] org.apache.jasper.servlet.TldScanner.scanJars At least one JAR was scanned for TLDs yet contained no TLDs. Enable debug logging for this logger for a complete list of JARs that were scanned but no TLDs were found in them. Skipping unneeded JARs during scanning can improve startup time and JSP compilation time.
13-Dec-2019 10:42:22.531 INFO [localhost-startStop-1] org.apache.catalina.startup.HostConfig.deployWAR Deployment of web application archive C:\Users\EPS\Desktop\SD\seguridad\apache-tomcat-9.0.0.M9\webapps\Sensor.war has finished in 5,946 ms
13-Dec-2019 10:42:22.545 INFO [main] org.apache.coyote.AbstractProtocol.start Starting ProtocolHandler [http-nio-8080]
13-Dec-2019 10:42:22.586 INFO [main] org.apache.coyote.AbstractProtocol.start Starting ProtocolHandler [ajp-nio-8009]
13-Dec-2019 10:42:22.594 INFO [main] org.apache.catalina.startup.Catalina.start Server startup in 6105 ms
13-Dec-2019 11:49:06.379 INFO [main] org.apache.catalina.core.StandardServer.await A valid shutdown command was received via the shutdown port. Stopping the Server instance.
13-Dec-2019 11:49:06.380 INFO [main] org.apache.coyote.AbstractProtocol.pause Pausing ProtocolHandler ["http-nio-8080"]
13-Dec-2019 11:49:06.440 INFO [main] org.apache.coyote.AbstractProtocol.pause Pausing ProtocolHandler ["ajp-nio-8009"]
13-Dec-2019 11:49:06.443 INFO [main] org.apache.catalina.core.StandardService.stopInternal Stopping service Catalina
13-Dec-2019 11:49:06.537 INFO [main] org.apache.coyote.AbstractProtocol.stop Stopping ProtocolHandler ["http-nio-8080"]
13-Dec-2019 11:49:06.542 INFO [main] org.apache.coyote.AbstractProtocol.stop Stopping ProtocolHandler ["ajp-nio-8009"]
13-Dec-2019 11:49:06.546 INFO [main] org.apache.coyote.AbstractProtocol.destroy Destroying ProtocolHandler ["http-nio-8080"]
13-Dec-2019 11:49:06.548 INFO [main] org.apache.coyote.AbstractProtocol.destroy Destroying ProtocolHandler ["ajp-nio-8009"]
13-Dec-2019 11:49:09.301 INFO [main] org.apache.catalina.startup.VersionLoggerListener.log Server version:        Apache Tomcat/9.0.0.M9
13-Dec-2019 11:49:09.303 INFO [main] org.apache.catalina.startup.VersionLoggerListener.log Server built:          Jul 4 2016 18:22:47 UTC
13-Dec-2019 11:49:09.303 INFO [main] org.apache.catalina.startup.VersionLoggerListener.log Server number:         9.0.0.0
13-Dec-2019 11:49:09.304 INFO [main] org.apache.catalina.startup.VersionLoggerListener.log OS Name:               Windows 10
13-Dec-2019 11:49:09.304 INFO [main] org.apache.catalina.startup.VersionLoggerListener.log OS Version:            10.0
13-Dec-2019 11:49:09.304 INFO [main] org.apache.catalina.startup.VersionLoggerListener.log Architecture:          amd64
13-Dec-2019 11:49:09.304 INFO [main] org.apache.catalina.startup.VersionLoggerListener.log Java Home:             C:\Program Files\Java\jre1.8.0_212
13-Dec-2019 11:49:09.305 INFO [main] org.apache.catalina.startup.VersionLoggerListener.log JVM Version:           1.8.0_212-b10
13-Dec-2019 11:49:09.305 INFO [main] org.apache.catalina.startup.VersionLoggerListener.log JVM Vendor:            Oracle Corporation
13-Dec-2019 11:49:09.305 INFO [main] org.apache.catalina.startup.VersionLoggerListener.log CATALINA_BASE:         C:\Users\EPS\Desktop\SD\seguridad\apache-tomcat-9.0.0.M9
13-Dec-2019 11:49:09.305 INFO [main] org.apache.catalina.startup.VersionLoggerListener.log CATALINA_HOME:         C:\Users\EPS\Desktop\SD\seguridad\apache-tomcat-9.0.0.M9
13-Dec-2019 11:49:09.306 INFO [main] org.apache.catalina.startup.VersionLoggerListener.log Command line argument: -Djdk.tls.ephemeralDHKeySize=2048
13-Dec-2019 11:49:09.306 INFO [main] org.apache.catalina.startup.VersionLoggerListener.log Command line argument: -Djava.util.logging.config.file=C:\Users\EPS\Desktop\SD\seguridad\apache-tomcat-9.0.0.M9\conf\logging.properties
13-Dec-2019 11:49:09.306 INFO [main] org.apache.catalina.startup.VersionLoggerListener.log Command line argument: -Djava.util.logging.manager=org.apache.juli.ClassLoaderLogManager
13-Dec-2019 11:49:09.306 INFO [main] org.apache.catalina.startup.VersionLoggerListener.log Command line argument: -Dcatalina.base=C:\Users\EPS\Desktop\SD\seguridad\apache-tomcat-9.0.0.M9
13-Dec-2019 11:49:09.307 INFO [main] org.apache.catalina.startup.VersionLoggerListener.log Command line argument: -Dcatalina.home=C:\Users\EPS\Desktop\SD\seguridad\apache-tomcat-9.0.0.M9
13-Dec-2019 11:49:09.307 INFO [main] org.apache.catalina.startup.VersionLoggerListener.log Command line argument: -Djava.io.tmpdir=C:\Users\EPS\Desktop\SD\seguridad\apache-tomcat-9.0.0.M9\temp
13-Dec-2019 11:49:09.309 INFO [main] org.apache.catalina.core.AprLifecycleListener.lifecycleEvent The APR based Apache Tomcat Native library which allows optimal performance in production environments was not found on the java.library.path: C:\Program Files\Java\jre1.8.0_212\bin;C:\Windows\Sun\Java\bin;C:\Windows\system32;C:\Windows;C:\Windows;C:\Windows;C:\Windows;%INTELDEV_REDIST%redist\intel64\compiler;%INTELDEV_REDIST%redist\ia32\compiler;C:\Program Files\NVIDIA GPU Computing Toolkit\CUDA\v10.1\bin;C:\Program Files\NVIDIA GPU Computing Toolkit\CUDA\v10.1\libnvvp;;;C:\Program Files\Microsoft MPI\Bin\;C:\Windows\system32;C:\Windows;C:\Windows\System32\Wbem;C:\Windows\System32\WindowsPowerShell\v1.0\;C:\Windows\System32\OpenSSH\;C:\Program Files (x86)\AMD\ATI.ACE\Core-Static;C:\Windows\EPS\programas;C:\Program Files (x86)\NVIDIA Corporation\PhysX\Common;C:\Program Files\dotnet\;C:\Program Files\Microsoft SQL Server\130\Tools\Binn\;C:\Program Files\Microsoft SQL Server\Client SDK\ODBC\170\Tools\Binn\;C:\Program Files\Git\cmd;C:\Program Files (x86)\Microsoft SQL Server\150\Tools\Binn\;C:\Program Files\Microsoft SQL Server\150\Tools\Binn\;C:\Program Files (x86)\Microsoft SQL Server\150\DTS\Binn\;C:\Program Files\Microsoft SQL Server\150\DTS\Binn\;C:\Program Files\NVIDIA Corporation\NVIDIA NvDLISR;C:\Program Files\Microsoft SQL Server\120\Tools\Binn\;C:\Program Files\Common Files\Autodesk Shared\;C:\Program Files\Microsoft SQL Server\110\Tools\Binn\;C:\Program Files (x86)\Common Files\AspenTech Shared\;C:\Program Files\NVIDIA Corporation\Nsight Compute 2019.4.0\;C:\Users\EPS\AppData\Local\Microsoft\WindowsApps;AspenTech\Aspen Hydraulics;C:\Program Files (x86)\Brackets\command;C:\Program Files\Csound6_x64\bin;C:\oracle\instantclient;C:\Users\EPS\AppData\Roaming\npm;C:\Program Files\Java\jre1.8.0_212\bin;C:\Program Files\Java\Java3D\1.5.1\bin;C:\Program Files\MATLAB\R2019a\bin;C:\Program Files\MySQL\mysql-8.0.11\bin;C:\Program Files (x86)\nodejs;C:\Python27\;C:\Python27\Scripts;C:\Users\EPS\AppData\Local\Microsoft\WindowsApps;AspenTech\Aspen Hydraulics;.
13-Dec-2019 11:49:09.598 INFO [main] org.apache.coyote.AbstractProtocol.init Initializing ProtocolHandler ["http-nio-8080"]
13-Dec-2019 11:49:10.008 INFO [main] org.apache.tomcat.util.net.NioSelectorPool.getSharedSelector Using a shared selector for servlet write/read
13-Dec-2019 11:49:10.014 INFO [main] org.apache.coyote.AbstractProtocol.init Initializing ProtocolHandler ["ajp-nio-8009"]
13-Dec-2019 11:49:10.018 INFO [main] org.apache.tomcat.util.net.NioSelectorPool.getSharedSelector Using a shared selector for servlet write/read
13-Dec-2019 11:49:10.019 INFO [main] org.apache.catalina.startup.Catalina.load Initialization processed in 1347 ms
13-Dec-2019 11:49:10.076 INFO [main] org.apache.catalina.core.StandardService.startInternal Starting service Catalina
13-Dec-2019 11:49:10.076 INFO [main] org.apache.catalina.core.StandardEngine.startInternal Starting Servlet Engine: Apache Tomcat/9.0.0.M9
13-Dec-2019 11:49:10.121 INFO [localhost-startStop-1] org.apache.catalina.startup.HostConfig.deployWAR Deploying web application archive C:\Users\EPS\Desktop\SD\seguridad\apache-tomcat-9.0.0.M9\webapps\Sensor.war
13-Dec-2019 11:49:13.266 INFO [localhost-startStop-1] org.apache.jasper.servlet.TldScanner.scanJars At least one JAR was scanned for TLDs yet contained no TLDs. Enable debug logging for this logger for a complete list of JARs that were scanned but no TLDs were found in them. Skipping unneeded JARs during scanning can improve startup time and JSP compilation time.
13-Dec-2019 11:49:17.591 INFO [localhost-startStop-1] org.apache.catalina.startup.HostConfig.deployWAR Deployment of web application archive C:\Users\EPS\Desktop\SD\seguridad\apache-tomcat-9.0.0.M9\webapps\Sensor.war has finished in 7,469 ms
13-Dec-2019 11:49:17.598 INFO [main] org.apache.coyote.AbstractProtocol.start Starting ProtocolHandler [http-nio-8080]
13-Dec-2019 11:49:17.616 INFO [main] org.apache.coyote.AbstractProtocol.start Starting ProtocolHandler [ajp-nio-8009]
13-Dec-2019 11:49:17.620 INFO [main] org.apache.catalina.startup.Catalina.start Server startup in 7600 ms
13-Dec-2019 11:57:45.151 INFO [main] org.apache.catalina.core.StandardServer.await A valid shutdown command was received via the shutdown port. Stopping the Server instance.
