10-Dec-2019 17:55:24.567 INFO [main] org.apache.catalina.startup.VersionLoggerListener.log Server version:        Apache Tomcat/9.0.0.M9
10-Dec-2019 17:55:24.569 INFO [main] org.apache.catalina.startup.VersionLoggerListener.log Server built:          Jul 4 2016 18:22:47 UTC
10-Dec-2019 17:55:24.569 INFO [main] org.apache.catalina.startup.VersionLoggerListener.log Server number:         9.0.0.0
10-Dec-2019 17:55:24.570 INFO [main] org.apache.catalina.startup.VersionLoggerListener.log OS Name:               Windows 10
10-Dec-2019 17:55:24.570 INFO [main] org.apache.catalina.startup.VersionLoggerListener.log OS Version:            10.0
10-Dec-2019 17:55:24.570 INFO [main] org.apache.catalina.startup.VersionLoggerListener.log Architecture:          amd64
10-Dec-2019 17:55:24.571 INFO [main] org.apache.catalina.startup.VersionLoggerListener.log Java Home:             C:\Program Files\Java\jre1.8.0_212
10-Dec-2019 17:55:24.571 INFO [main] org.apache.catalina.startup.VersionLoggerListener.log JVM Version:           1.8.0_212-b10
10-Dec-2019 17:55:24.571 INFO [main] org.apache.catalina.startup.VersionLoggerListener.log JVM Vendor:            Oracle Corporation
10-Dec-2019 17:55:24.571 INFO [main] org.apache.catalina.startup.VersionLoggerListener.log CATALINA_BASE:         C:\Users\EPS\Desktop\SD\seguridad\apache-tomcat-9.0.0.M9
10-Dec-2019 17:55:24.571 INFO [main] org.apache.catalina.startup.VersionLoggerListener.log CATALINA_HOME:         C:\Users\EPS\Desktop\SD\seguridad\apache-tomcat-9.0.0.M9
10-Dec-2019 17:55:24.572 INFO [main] org.apache.catalina.startup.VersionLoggerListener.log Command line argument: -Djava.util.logging.config.file=C:/Users/EPS/Desktop/SD/seguridad/apache-tomcat-9.0.0.M9/conf/logging.properties
10-Dec-2019 17:55:24.572 INFO [main] org.apache.catalina.startup.VersionLoggerListener.log Command line argument: -Djava.util.logging.manager=org.apache.juli.ClassLoaderLogManager
10-Dec-2019 17:55:24.572 INFO [main] org.apache.catalina.startup.VersionLoggerListener.log Command line argument: -Djdk.tls.ephemeralDHKeySize=2048
10-Dec-2019 17:55:24.572 INFO [main] org.apache.catalina.startup.VersionLoggerListener.log Command line argument: -Dcatalina.base=C:/Users/EPS/Desktop/SD/seguridad/apache-tomcat-9.0.0.M9
10-Dec-2019 17:55:24.572 INFO [main] org.apache.catalina.startup.VersionLoggerListener.log Command line argument: -Dcatalina.home=C:/Users/EPS/Desktop/SD/seguridad/apache-tomcat-9.0.0.M9
10-Dec-2019 17:55:24.572 INFO [main] org.apache.catalina.startup.VersionLoggerListener.log Command line argument: -Djava.io.tmpdir=C:/Users/EPS/Desktop/SD/seguridad/apache-tomcat-9.0.0.M9/temp
10-Dec-2019 17:55:24.573 INFO [main] org.apache.catalina.core.AprLifecycleListener.lifecycleEvent The APR based Apache Tomcat Native library which allows optimal performance in production environments was not found on the java.library.path: C:\Program Files\Java\jre1.8.0_212\bin;C:\Windows\Sun\Java\bin;C:\Windows\system32;C:\Windows;C:\Users\EPS\bin;C:\Program Files\Git\mingw64\bin;C:\Program Files\Git\usr\local\bin;C:\Program Files\Git\usr\bin;C:\Program Files\Git\usr\bin;C:\Program Files\Git\mingw64\bin;C:\Program Files\Git\usr\bin;C:\Users\EPS\bin;%INTELDEV_REDIST%redist\intel64\compiler;%INTELDEV_REDIST%redist\ia32\compiler;C:\Program Files\NVIDIA GPU Computing Toolkit\CUDA\v10.1\bin;C:\Program Files\NVIDIA GPU Computing Toolkit\CUDA\v10.1\libnvvp;C:\Program Files\Microsoft MPI\Bin;C:\Windows\system32;C:\Windows;C:\Windows\System32\Wbem;C:\Windows\System32\WindowsPowerShell\v1.0;C:\Windows\System32\OpenSSH;C:\Program Files (x86)\AMD\ATI.ACE\Core-Static;C:\Windows\EPS\programas;C:\Program Files (x86)\NVIDIA Corporation\PhysX\Common;C:\Program Files\dotnet;C:\Program Files\Microsoft SQL Server\130\Tools\Binn;C:\Program Files\Microsoft SQL Server\Client SDK\ODBC\170\Tools\Binn;C:\Program Files\Git\cmd;C:\Program Files (x86)\Microsoft SQL Server\150\Tools\Binn;C:\Program Files\Microsoft SQL Server\150\Tools\Binn;C:\Program Files (x86)\Microsoft SQL Server\150\DTS\Binn;C:\Program Files\Microsoft SQL Server\150\DTS\Binn;C:\Program Files\NVIDIA Corporation\Nsight Compute 2019.3.0;C:\Program Files\NVIDIA Corporation\NVIDIA NvDLISR;C:\Program Files\Microsoft SQL Server\120\Tools\Binn;C:\Program Files\Common Files\Autodesk Shared;C:\Program Files\Microsoft SQL Server\110\Tools\Binn;C:\Program Files (x86)\Common Files\AspenTech Shared;C:\Users\EPS\AppData\Local\Microsoft\WindowsApps;AspenTech\Aspen Hydraulics;C:\Program Files (x86)\Brackets\command;C:\Program Files\Csound6_x64\bin;C:\oracle\instantclient;C:\Users\EPS\AppData\Roaming\npm;C:\Program Files\Java\jre1.8.0_212\bin;C:\Program Files\Java\Java3D\1.5.1\bin;C:\Program Files\MATLAB\R2019a\bin;C:\Program Files\MySQL\mysql-8.0.11\bin;C:\Program Files (x86)\nodejs;C:\Python27;C:\Python27\Scripts;C:\Users\EPS\AppData\Local\Microsoft\WindowsApps;AspenTech\Aspen Hydraulics;C:\Program Files\Git\usr\bin\vendor_perl;C:\Program Files\Git\usr\bin\core_perl;.
10-Dec-2019 17:55:25.558 INFO [main] org.apache.coyote.AbstractProtocol.init Initializing ProtocolHandler ["http-nio-8080"]
10-Dec-2019 17:55:26.178 INFO [main] org.apache.tomcat.util.net.NioSelectorPool.getSharedSelector Using a shared selector for servlet write/read
10-Dec-2019 17:55:26.184 INFO [main] org.apache.coyote.AbstractProtocol.init Initializing ProtocolHandler ["ajp-nio-8009"]
10-Dec-2019 17:55:26.196 INFO [main] org.apache.tomcat.util.net.NioSelectorPool.getSharedSelector Using a shared selector for servlet write/read
10-Dec-2019 17:55:26.197 INFO [main] org.apache.catalina.startup.Catalina.load Initialization processed in 2466 ms
10-Dec-2019 17:55:26.382 INFO [main] org.apache.catalina.core.StandardService.startInternal Starting service Catalina
10-Dec-2019 17:55:26.382 INFO [main] org.apache.catalina.core.StandardEngine.startInternal Starting Servlet Engine: Apache Tomcat/9.0.0.M9
10-Dec-2019 17:55:26.467 INFO [localhost-startStop-1] org.apache.catalina.startup.HostConfig.deployWAR Deploying web application archive C:\Users\EPS\Desktop\SD\seguridad\apache-tomcat-9.0.0.M9\webapps\EjemploServicios.war
10-Dec-2019 17:55:34.790 INFO [localhost-startStop-1] org.apache.jasper.servlet.TldScanner.scanJars At least one JAR was scanned for TLDs yet contained no TLDs. Enable debug logging for this logger for a complete list of JARs that were scanned but no TLDs were found in them. Skipping unneeded JARs during scanning can improve startup time and JSP compilation time.
[WARN] Web application uses org.apache.axis2.transport.http.AxisAdminServlet; please update web.xml to use org.apache.axis2.webapp.AxisAdminServlet instead
[INFO] Clustering has been disabled
[INFO] Deploying module: addressing-1.6.3 - file:/C:/Users/EPS/Desktop/SD/seguridad/apache-tomcat-9.0.0.M9/webapps/EjemploServicios/WEB-INF/modules/addressing-1.6.3.mar
[INFO] Deploying module: metadataExchange-1.6.3 - file:/C:/Users/EPS/Desktop/SD/seguridad/apache-tomcat-9.0.0.M9/webapps/EjemploServicios/WEB-INF/modules/mex-1.6.3.mar
[INFO] Deploying module: mtompolicy-1.6.3 - file:/C:/Users/EPS/Desktop/SD/seguridad/apache-tomcat-9.0.0.M9/webapps/EjemploServicios/WEB-INF/modules/mtompolicy-1.6.3.mar
[INFO] Deploying module: ping-1.6.3 - file:/C:/Users/EPS/Desktop/SD/seguridad/apache-tomcat-9.0.0.M9/webapps/EjemploServicios/WEB-INF/modules/ping-1.6.3.mar
[INFO] Deploying module: script-1.6.3 - file:/C:/Users/EPS/Desktop/SD/seguridad/apache-tomcat-9.0.0.M9/webapps/EjemploServicios/WEB-INF/modules/scripting-1.6.3.mar
[INFO] Deploying module: soapmonitor-1.6.3 - file:/C:/Users/EPS/Desktop/SD/seguridad/apache-tomcat-9.0.0.M9/webapps/EjemploServicios/WEB-INF/modules/soapmonitor-1.6.3.mar
[INFO] Deploying Web service: Converter - file:/C:/Users/EPS/Desktop/SD/seguridad/apache-tomcat-9.0.0.M9/webapps/EjemploServicios/WEB-INF/services/Converter/
[INFO] Deploying Web service: version.aar - file:/C:/Users/EPS/Desktop/SD/seguridad/apache-tomcat-9.0.0.M9/webapps/EjemploServicios/WEB-INF/services/version.aar
[WARN] No transportReceiver for org.apache.axis2.transport.http.AxisServletListener found. An instance for HTTP will be configured automatically. Please update your axis2.xml file!
10-Dec-2019 17:55:37.445 INFO [localhost-startStop-1] org.apache.catalina.startup.HostConfig.deployWAR Deployment of web application archive C:\Users\EPS\Desktop\SD\seguridad\apache-tomcat-9.0.0.M9\webapps\EjemploServicios.war has finished in 10,977 ms
10-Dec-2019 17:55:37.446 INFO [localhost-startStop-1] org.apache.catalina.startup.HostConfig.deployWAR Deploying web application archive C:\Users\EPS\Desktop\SD\seguridad\apache-tomcat-9.0.0.M9\webapps\Sensor.war
10-Dec-2019 17:55:40.977 INFO [localhost-startStop-1] org.apache.jasper.servlet.TldScanner.scanJars At least one JAR was scanned for TLDs yet contained no TLDs. Enable debug logging for this logger for a complete list of JARs that were scanned but no TLDs were found in them. Skipping unneeded JARs during scanning can improve startup time and JSP compilation time.
[WARN] Web application uses org.apache.axis2.transport.http.AxisAdminServlet; please update web.xml to use org.apache.axis2.webapp.AxisAdminServlet instead
[INFO] Clustering has been disabled
[INFO] Deploying module: addressing-1.6.3 - file:/C:/Users/EPS/Desktop/SD/seguridad/apache-tomcat-9.0.0.M9/webapps/Sensor/WEB-INF/modules/addressing-1.6.3.mar
[INFO] Deploying module: metadataExchange-1.6.3 - file:/C:/Users/EPS/Desktop/SD/seguridad/apache-tomcat-9.0.0.M9/webapps/Sensor/WEB-INF/modules/mex-1.6.3.mar
[INFO] Deploying module: mtompolicy-1.6.3 - file:/C:/Users/EPS/Desktop/SD/seguridad/apache-tomcat-9.0.0.M9/webapps/Sensor/WEB-INF/modules/mtompolicy-1.6.3.mar
[INFO] Deploying module: ping-1.6.3 - file:/C:/Users/EPS/Desktop/SD/seguridad/apache-tomcat-9.0.0.M9/webapps/Sensor/WEB-INF/modules/ping-1.6.3.mar
[INFO] Deploying module: script-1.6.3 - file:/C:/Users/EPS/Desktop/SD/seguridad/apache-tomcat-9.0.0.M9/webapps/Sensor/WEB-INF/modules/scripting-1.6.3.mar
[INFO] Deploying module: soapmonitor-1.6.3 - file:/C:/Users/EPS/Desktop/SD/seguridad/apache-tomcat-9.0.0.M9/webapps/Sensor/WEB-INF/modules/soapmonitor-1.6.3.mar
[INFO] Deploying Web service: Sensor - file:/C:/Users/EPS/Desktop/SD/seguridad/apache-tomcat-9.0.0.M9/webapps/Sensor/WEB-INF/services/Sensor/
[INFO] Deploying Web service: version.aar - file:/C:/Users/EPS/Desktop/SD/seguridad/apache-tomcat-9.0.0.M9/webapps/Sensor/WEB-INF/services/version.aar
[WARN] No transportReceiver for org.apache.axis2.transport.http.AxisServletListener found. An instance for HTTP will be configured automatically. Please update your axis2.xml file!
10-Dec-2019 17:55:42.825 INFO [localhost-startStop-1] org.apache.catalina.startup.HostConfig.deployWAR Deployment of web application archive C:\Users\EPS\Desktop\SD\seguridad\apache-tomcat-9.0.0.M9\webapps\Sensor.war has finished in 5,378 ms
10-Dec-2019 17:55:42.827 INFO [localhost-startStop-1] org.apache.catalina.startup.HostConfig.deployDirectory Deploying web application directory C:\Users\EPS\Desktop\SD\seguridad\apache-tomcat-9.0.0.M9\webapps\docs
10-Dec-2019 17:55:42.885 INFO [localhost-startStop-1] org.apache.catalina.startup.HostConfig.deployDirectory Deployment of web application directory C:\Users\EPS\Desktop\SD\seguridad\apache-tomcat-9.0.0.M9\webapps\docs has finished in 58 ms
10-Dec-2019 17:55:42.886 INFO [localhost-startStop-1] org.apache.catalina.startup.HostConfig.deployDirectory Deploying web application directory C:\Users\EPS\Desktop\SD\seguridad\apache-tomcat-9.0.0.M9\webapps\examples
10-Dec-2019 17:55:44.052 INFO [localhost-startStop-1] org.apache.catalina.startup.HostConfig.deployDirectory Deployment of web application directory C:\Users\EPS\Desktop\SD\seguridad\apache-tomcat-9.0.0.M9\webapps\examples has finished in 1,165 ms
10-Dec-2019 17:55:44.052 INFO [localhost-startStop-1] org.apache.catalina.startup.HostConfig.deployDirectory Deploying web application directory C:\Users\EPS\Desktop\SD\seguridad\apache-tomcat-9.0.0.M9\webapps\host-manager
10-Dec-2019 17:55:44.144 INFO [localhost-startStop-1] org.apache.catalina.startup.HostConfig.deployDirectory Deployment of web application directory C:\Users\EPS\Desktop\SD\seguridad\apache-tomcat-9.0.0.M9\webapps\host-manager has finished in 91 ms
10-Dec-2019 17:55:44.144 INFO [localhost-startStop-1] org.apache.catalina.startup.HostConfig.deployDirectory Deploying web application directory C:\Users\EPS\Desktop\SD\seguridad\apache-tomcat-9.0.0.M9\webapps\manager
10-Dec-2019 17:55:44.219 INFO [localhost-startStop-1] org.apache.catalina.startup.HostConfig.deployDirectory Deployment of web application directory C:\Users\EPS\Desktop\SD\seguridad\apache-tomcat-9.0.0.M9\webapps\manager has finished in 75 ms
10-Dec-2019 17:55:44.220 INFO [localhost-startStop-1] org.apache.catalina.startup.HostConfig.deployDirectory Deploying web application directory C:\Users\EPS\Desktop\SD\seguridad\apache-tomcat-9.0.0.M9\webapps\ROOT
10-Dec-2019 17:55:44.283 INFO [localhost-startStop-1] org.apache.catalina.startup.HostConfig.deployDirectory Deployment of web application directory C:\Users\EPS\Desktop\SD\seguridad\apache-tomcat-9.0.0.M9\webapps\ROOT has finished in 63 ms
10-Dec-2019 17:55:44.297 INFO [main] org.apache.coyote.AbstractProtocol.start Starting ProtocolHandler [http-nio-8080]
10-Dec-2019 17:55:44.319 INFO [main] org.apache.coyote.AbstractProtocol.start Starting ProtocolHandler [ajp-nio-8009]
10-Dec-2019 17:55:44.323 INFO [main] org.apache.catalina.startup.Catalina.start Server startup in 18125 ms
10-Dec-2019 17:59:38.423 INFO [main] org.apache.catalina.core.StandardServer.await A valid shutdown command was received via the shutdown port. Stopping the Server instance.
10-Dec-2019 17:59:38.424 INFO [main] org.apache.coyote.AbstractProtocol.pause Pausing ProtocolHandler ["http-nio-8080"]
10-Dec-2019 17:59:38.480 INFO [main] org.apache.coyote.AbstractProtocol.pause Pausing ProtocolHandler ["ajp-nio-8009"]
10-Dec-2019 17:59:38.531 INFO [main] org.apache.catalina.core.StandardService.stopInternal Stopping service Catalina
10-Dec-2019 17:59:38.685 INFO [main] org.apache.coyote.AbstractProtocol.stop Stopping ProtocolHandler ["http-nio-8080"]
10-Dec-2019 17:59:38.686 INFO [main] org.apache.coyote.AbstractProtocol.stop Stopping ProtocolHandler ["ajp-nio-8009"]
10-Dec-2019 17:59:38.688 INFO [main] org.apache.coyote.AbstractProtocol.destroy Destroying ProtocolHandler ["http-nio-8080"]
10-Dec-2019 17:59:38.689 INFO [main] org.apache.coyote.AbstractProtocol.destroy Destroying ProtocolHandler ["ajp-nio-8009"]
